2024/07/26 14:19:19 Starting RoundRobin simulation
2024/07/26 14:19:19 Starting orchestrator run
2024/07/26 14:19:19 Error allocating resources: unable to allocate resources for container container-83
2024/07/26 14:19:19 Error running orchestrator: unable to allocate resources for container container-83
2024/07/26 14:31:57 Starting RoundRobin simulation
2024/07/26 14:31:57 Starting orchestrator run
2024/07/26 14:31:57 Starting QoS monitoring
2024/07/26 14:31:57 Starting metrics collection
2024/07/26 14:32:07 Time: 14:32:07, CPU: 5.78%, Memory: 4.03%, GPU: 8.84%
2024/07/26 14:32:17 Time: 14:32:17, CPU: 5.78%, Memory: 4.03%, GPU: 8.84%
2024/07/26 14:32:27 Time: 14:32:27, CPU: 5.78%, Memory: 4.03%, GPU: 8.84%
2024/07/26 14:32:37 Time: 14:32:37, CPU: 5.78%, Memory: 4.03%, GPU: 8.84%
2024/07/26 14:32:47 Time: 14:32:47, CPU: 5.78%, Memory: 4.03%, GPU: 8.84%
2024/07/26 14:32:57 Time: 14:32:57, CPU: 5.78%, Memory: 4.03%, GPU: 8.84%
2024/07/26 14:33:07 Time: 14:33:07, CPU: 5.78%, Memory: 4.03%, GPU: 8.84%
2024/07/26 14:33:17 Time: 14:33:17, CPU: 5.78%, Memory: 4.03%, GPU: 8.84%
2024/07/26 14:33:27 Time: 14:33:27, CPU: 5.78%, Memory: 4.03%, GPU: 8.84%
2024/07/26 14:33:37 Time: 14:33:37, CPU: 5.78%, Memory: 4.03%, GPU: 8.84%
2024/07/26 14:33:47 Time: 14:33:47, CPU: 5.78%, Memory: 4.03%, GPU: 8.84%
2024/07/26 14:33:57 Time: 14:33:57, CPU: 5.78%, Memory: 4.03%, GPU: 8.84%
2024/07/26 14:34:07 Time: 14:34:07, CPU: 5.78%, Memory: 4.03%, GPU: 8.84%
2024/07/26 14:34:17 Time: 14:34:17, CPU: 5.78%, Memory: 4.03%, GPU: 8.84%
2024/07/26 14:34:27 Time: 14:34:27, CPU: 5.78%, Memory: 4.03%, GPU: 8.84%
2024/07/26 14:34:37 Time: 14:34:37, CPU: 5.78%, Memory: 4.03%, GPU: 8.84%
2024/07/26 14:34:47 Time: 14:34:47, CPU: 5.78%, Memory: 4.03%, GPU: 8.84%
2024/07/26 14:34:57 Orchestrator run completed
2024/07/26 14:35:27 Workload changed. Triggering reallocation...
2024/07/26 14:35:27 Triggering reallocation due to QoS violation
2024/07/26 14:35:27 Time: 14:35:27, Migrated container container-37 from host host-257 to host host-310
2024/07/26 14:35:27 Migrated container container-37 from host host-257 to host host-310
2024/07/26 14:35:27 Time: 14:35:27, Migrated container container-37 from host host-27 to host host-53
2024/07/26 14:35:27 Migrated container container-37 from host host-27 to host host-53
2024/07/26 14:35:27 Time: 14:35:27, Migrated container container-37 from host host-699 to host host-27
2024/07/26 14:35:27 Migrated container container-37 from host host-699 to host host-27
2024/07/26 14:35:27 Time: 14:35:27, Migrated container container-11 from host host-273 to host host-56
2024/07/26 14:35:27 Migrated container container-11 from host host-273 to host host-56
2024/07/26 14:35:27 Time: 14:35:27, Migrated container container-43 from host host-65 to host host-30
2024/07/26 14:35:27 Migrated container container-43 from host host-65 to host host-30
2024/07/26 14:35:27 Time: 14:35:27, Migrated container container-89 from host host-297 to host host-8
2024/07/26 14:35:27 Migrated container container-89 from host host-297 to host host-8
2024/07/26 14:35:27 Time: 14:35:27, Migrated container container-9 from host host-3 to host host-287
2024/07/26 14:35:27 Migrated container container-9 from host host-3 to host host-287
2024/07/26 14:35:27 Time: 14:35:27, Migrated container container-78 from host host-107 to host host-589
2024/07/26 14:35:27 Migrated container container-78 from host host-107 to host host-589
2024/07/26 14:35:27 Time: 14:35:27, Migrated container container-3 from host host-193 to host host-297
2024/07/26 14:35:27 Migrated container container-3 from host host-193 to host host-297
2024/07/26 14:35:27 Time: 14:35:27, Migrated container container-81 from host host-6 to host host-3
2024/07/26 14:35:27 Migrated container container-81 from host host-6 to host host-3
2024/07/26 14:35:27 Time: 14:35:27, Migrated container container-73 from host host-26 to host host-273
2024/07/26 14:35:27 Migrated container container-73 from host host-26 to host host-273
2024/07/26 14:35:27 Time: 14:35:27, Migrated container container-61 from host host-192 to host host-542
2024/07/26 14:35:27 Migrated container container-61 from host host-192 to host host-542
2024/07/26 14:35:27 Time: 14:35:27, Migrated container container-42 from host host-34 to host host-157
2024/07/26 14:35:27 Migrated container container-42 from host host-34 to host host-157
2024/07/26 14:35:27 Time: 14:35:27, Migrated container container-10 from host host-109 to host host-419
2024/07/26 14:35:27 Migrated container container-10 from host host-109 to host host-419
2024/07/26 14:35:27 Time: 14:35:27, Migrated container container-62 from host host-370 to host host-367
2024/07/26 14:35:27 Migrated container container-62 from host host-370 to host host-367
2024/07/26 14:35:27 Time: 14:35:27, Migrated container container-73 from host host-618 to host host-6
2024/07/26 14:35:27 Migrated container container-73 from host host-618 to host host-6
2024/07/26 14:35:27 Time: 14:35:27, Migrated container container-62 from host host-33 to host host-381
2024/07/26 14:35:27 Migrated container container-62 from host host-33 to host host-381
2024/07/26 14:35:27 Time: 14:35:27, Migrated container container-82 from host host-647 to host host-15
2024/07/26 14:35:27 Migrated container container-82 from host host-647 to host host-15
2024/07/26 14:35:27 Time: 14:35:27, Migrated container container-42 from host host-577 to host host-193
2024/07/26 14:35:27 Migrated container container-42 from host host-577 to host host-193
2024/07/26 14:35:27 Time: 14:35:27, Migrated container container-3 from host host-343 to host host-26
2024/07/26 14:35:27 Migrated container container-3 from host host-343 to host host-26
2024/07/26 14:35:27 Time: 14:35:27, Migrated container container-53 from host host-122 to host host-93
2024/07/26 14:35:27 Migrated container container-53 from host host-122 to host host-93
2024/07/26 14:35:27 Time: 14:35:27, Migrated container container-42 from host host-123 to host host-343
2024/07/26 14:35:27 Migrated container container-42 from host host-123 to host host-343
2024/07/26 14:35:27 Time: 14:35:27, Migrated container container-66 from host host-306 to host host-647
2024/07/26 14:35:27 Migrated container container-66 from host host-306 to host host-647
2024/07/26 14:35:27 Time: 14:35:27, Migrated container container-10 from host host-69 to host host-370
2024/07/26 14:35:27 Migrated container container-10 from host host-69 to host host-370
2024/07/26 14:35:27 Time: 14:35:27, Migrated container container-10 from host host-124 to host host-33
2024/07/26 14:35:27 Migrated container container-10 from host host-124 to host host-33
2024/07/26 14:35:27 Time: 14:35:27, Migrated container container-43 from host host-89 to host host-377
2024/07/26 14:35:27 Migrated container container-43 from host host-89 to host host-377
2024/07/26 14:35:27 Time: 14:35:27, Migrated container container-31 from host host-317 to host host-69
2024/07/26 14:35:27 Migrated container container-31 from host host-317 to host host-69
2024/07/26 14:35:27 Time: 14:35:27, Migrated container container-13 from host host-693 to host host-118
2024/07/26 14:35:27 Migrated container container-13 from host host-693 to host host-118
2024/07/26 14:35:27 Time: 14:35:27, Migrated container container-100 from host host-16 to host host-34
2024/07/26 14:35:27 Migrated container container-100 from host host-16 to host host-34
2024/07/26 14:35:27 Time: 14:35:27, Migrated container container-100 from host host-78 to host host-89
2024/07/26 14:35:27 Migrated container container-100 from host host-78 to host host-89
2024/07/26 14:35:27 Time: 14:35:27, Migrated container container-61 from host host-117 to host host-192
2024/07/26 14:35:27 Migrated container container-61 from host host-117 to host host-192
2024/07/26 14:35:27 Time: 14:35:27, Migrated container container-9 from host host-110 to host host-117
2024/07/26 14:35:27 Migrated container container-9 from host host-110 to host host-117
2024/07/26 14:35:27 Time: 14:35:27, Migrated container container-31 from host host-139 to host host-637
2024/07/26 14:35:27 Migrated container container-31 from host host-139 to host host-637
2024/07/26 14:35:27 Time: 14:35:27, Migrated container container-13 from host host-128 to host host-150
2024/07/26 14:35:27 Migrated container container-13 from host host-128 to host host-150
2024/07/26 14:35:27 Time: 14:35:27, Migrated container container-82 from host host-244 to host host-226
2024/07/26 14:35:27 Migrated container container-82 from host host-244 to host host-226
2024/07/26 14:35:27 Time: 14:35:27, Migrated container container-11 from host host-19 to host host-35
2024/07/26 14:35:27 Migrated container container-11 from host host-19 to host host-35
2024/07/26 14:35:27 Time: 14:35:27, Migrated container container-73 from host host-169 to host host-16
2024/07/26 14:35:27 Migrated container container-73 from host host-169 to host host-16
2024/07/26 14:35:27 Time: 14:35:27, Migrated container container-60 from host host-20 to host host-19
2024/07/26 14:35:27 Migrated container container-60 from host host-20 to host host-19
2024/07/26 14:35:27 Time: 14:35:27, Migrated container container-81 from host host-176 to host host-20
2024/07/26 14:35:27 Migrated container container-81 from host host-176 to host host-20
2024/07/26 14:35:27 Time: 14:35:27, Migrated container container-60 from host host-1 to host host-107
2024/07/26 14:35:27 Migrated container container-60 from host host-1 to host host-107
2024/07/26 14:35:27 Time: 14:35:27, Migrated container container-66 from host host-614 to host host-62
2024/07/26 14:35:27 Migrated container container-66 from host host-614 to host host-62
2024/07/26 14:35:27 Time: 14:35:27, Migrated container container-13 from host host-478 to host host-169
2024/07/26 14:35:27 Migrated container container-13 from host host-478 to host host-169
2024/07/26 14:35:27 Time: 14:35:27, Migrated container container-89 from host host-70 to host host-217
2024/07/26 14:35:27 Migrated container container-89 from host host-70 to host host-217
2024/07/26 14:35:27 Time: 14:35:27, Migrated container container-89 from host host-64 to host host-422
2024/07/26 14:35:27 Migrated container container-89 from host host-64 to host host-422
2024/07/26 14:35:27 Time: 14:35:27, Migrated container container-31 from host host-80 to host host-70
2024/07/26 14:35:27 Migrated container container-31 from host host-80 to host host-70
2024/07/26 14:35:27 Time: 14:35:27, Migrated container container-11 from host host-73 to host host-176
2024/07/26 14:35:27 Migrated container container-11 from host host-73 to host host-176
2024/07/26 14:35:27 Time: 14:35:27, Migrated container container-81 from host host-187 to host host-64
2024/07/26 14:35:27 Migrated container container-81 from host host-187 to host host-64
2024/07/26 14:35:27 Time: 14:35:27, Migrated container container-43 from host host-38 to host host-421
2024/07/26 14:35:27 Migrated container container-43 from host host-38 to host host-421
2024/07/26 14:35:27 Time: 14:35:27, Migrated container container-62 from host host-229 to host host-699
2024/07/26 14:35:27 Migrated container container-62 from host host-229 to host host-699
2024/07/26 14:35:27 Time: 14:35:27, Migrated container container-9 from host host-353 to host host-467
2024/07/26 14:35:27 Migrated container container-9 from host host-353 to host host-467
2024/07/26 14:35:27 Time: 14:35:27, Migrated container container-88 from host host-90 to host host-465
2024/07/26 14:35:27 Migrated container container-88 from host host-90 to host host-465
2024/07/26 14:35:27 Time: 14:35:27, Migrated container container-96 from host host-406 to host host-110
2024/07/26 14:35:27 Migrated container container-96 from host host-406 to host host-110
2024/07/26 14:35:27 Time: 14:35:27, Migrated container container-93 from host host-151 to host host-622
2024/07/26 14:35:27 Migrated container container-93 from host host-151 to host host-622
2024/07/26 14:35:27 Time: 14:35:27, Migrated container container-53 from host host-369 to host host-179
2024/07/26 14:35:27 Migrated container container-53 from host host-369 to host host-179
2024/07/26 14:35:27 Time: 14:35:27, Migrated container container-65 from host host-87 to host host-618
2024/07/26 14:35:27 Migrated container container-65 from host host-87 to host host-618
2024/07/26 14:35:27 Time: 14:35:27, Migrated container container-96 from host host-44 to host host-73
2024/07/26 14:35:27 Migrated container container-96 from host host-44 to host host-73
2024/07/26 14:35:27 Time: 14:35:27, Migrated container container-53 from host host-115 to host host-87
2024/07/26 14:35:27 Migrated container container-53 from host host-115 to host host-87
2024/07/26 14:35:27 Time: 14:35:27, Migrated container container-82 from host host-594 to host host-1
2024/07/26 14:35:27 Migrated container container-82 from host host-594 to host host-1
2024/07/26 14:35:27 Time: 14:35:27, Migrated container container-28 from host host-131 to host host-505
2024/07/26 14:35:27 Migrated container container-28 from host host-131 to host host-505
2024/07/26 14:35:27 Time: 14:35:27, Migrated container container-22 from host host-632 to host host-369
2024/07/26 14:35:27 Migrated container container-22 from host host-632 to host host-369
2024/07/26 14:35:27 Time: 14:35:27, Migrated container container-7 from host host-120 to host host-317
2024/07/26 14:35:27 Migrated container container-7 from host host-120 to host host-317
2024/07/26 14:35:27 Time: 14:35:27, Migrated container container-8 from host host-31 to host host-139
2024/07/26 14:35:27 Migrated container container-8 from host host-31 to host host-139
2024/07/26 14:35:27 Time: 14:35:27, Migrated container container-24 from host host-502 to host host-142
2024/07/26 14:35:27 Migrated container container-24 from host host-502 to host host-142
2024/07/26 14:35:27 Time: 14:35:27, Migrated container container-22 from host host-393 to host host-115
2024/07/26 14:35:27 Migrated container container-22 from host host-393 to host host-115
2024/07/26 14:35:27 Time: 14:35:27, Migrated container container-8 from host host-349 to host host-489
2024/07/26 14:35:27 Migrated container container-8 from host host-349 to host host-489
2024/07/26 14:35:27 Time: 14:35:27, Migrated container container-96 from host host-57 to host host-25
2024/07/26 14:35:27 Migrated container container-96 from host host-57 to host host-25
2024/07/26 14:35:27 Time: 14:35:27, Migrated container container-100 from host host-66 to host host-31
2024/07/26 14:35:27 Migrated container container-100 from host host-66 to host host-31
2024/07/26 14:35:27 Time: 14:35:27, Migrated container container-85 from host host-173 to host host-78
2024/07/26 14:35:27 Migrated container container-85 from host host-173 to host host-78
2024/07/26 14:35:27 Time: 14:35:27, Migrated container container-7 from host host-248 to host host-44
2024/07/26 14:35:27 Migrated container container-7 from host host-248 to host host-44
2024/07/26 14:35:27 Time: 14:35:27, Migrated container container-17 from host host-4 to host host-173
2024/07/26 14:35:27 Migrated container container-17 from host host-4 to host host-173
2024/07/26 14:35:27 Time: 14:35:27, Migrated container container-44 from host host-356 to host host-4
2024/07/26 14:35:27 Migrated container container-44 from host host-356 to host host-4
2024/07/26 14:35:27 Time: 14:35:27, Migrated container container-14 from host host-580 to host host-80
2024/07/26 14:35:27 Migrated container container-14 from host host-580 to host host-80
2024/07/26 14:35:27 Time: 14:35:27, Migrated container container-45 from host host-94 to host host-532
2024/07/26 14:35:27 Migrated container container-45 from host host-94 to host host-532
2024/07/26 14:35:27 Time: 14:35:27, Migrated container container-28 from host host-509 to host host-502
2024/07/26 14:35:27 Migrated container container-28 from host host-509 to host host-502
2024/07/26 14:35:27 Time: 14:35:27, Migrated container container-65 from host host-268 to host host-46
2024/07/26 14:35:27 Migrated container container-65 from host host-268 to host host-46
2024/07/26 14:35:27 Time: 14:35:27, Migrated container container-8 from host host-99 to host host-519
2024/07/26 14:35:27 Migrated container container-8 from host host-99 to host host-519
2024/07/26 14:35:27 Time: 14:35:27, Migrated container container-28 from host host-159 to host host-90
2024/07/26 14:35:27 Migrated container container-28 from host host-159 to host host-90
2024/07/26 14:35:27 Time: 14:35:27, Migrated container container-41 from host host-277 to host host-246
2024/07/26 14:35:27 Migrated container container-41 from host host-277 to host host-246
2024/07/26 14:35:27 Time: 14:35:27, Migrated container container-60 from host host-68 to host host-66
2024/07/26 14:35:27 Migrated container container-60 from host host-68 to host host-66
2024/07/26 14:35:27 Time: 14:35:27, Migrated container container-88 from host host-72 to host host-57
2024/07/26 14:35:27 Migrated container container-88 from host host-72 to host host-57
2024/07/26 14:35:27 Time: 14:35:27, Migrated container container-88 from host host-36 to host host-406
2024/07/26 14:35:27 Migrated container container-88 from host host-36 to host host-406
2024/07/26 14:35:27 Time: 14:35:27, Migrated container container-85 from host host-155 to host host-99
2024/07/26 14:35:27 Migrated container container-85 from host host-155 to host host-99
2024/07/26 14:35:27 Time: 14:35:27, Migrated container container-65 from host host-437 to host host-72
2024/07/26 14:35:27 Migrated container container-65 from host host-437 to host host-72
2024/07/26 14:35:27 Time: 14:35:27, Migrated container container-44 from host host-190 to host host-124
2024/07/26 14:35:27 Migrated container container-44 from host host-190 to host host-124
2024/07/26 14:35:27 Time: 14:35:27, Migrated container container-7 from host host-17 to host host-154
2024/07/26 14:35:27 Migrated container container-7 from host host-17 to host host-154
2024/07/26 14:35:27 Time: 14:35:27, Migrated container container-85 from host host-111 to host host-155
2024/07/26 14:35:27 Migrated container container-85 from host host-111 to host host-155
2024/07/26 14:35:27 Time: 14:35:27, Migrated container container-22 from host host-198 to host host-17
2024/07/26 14:35:27 Migrated container container-22 from host host-198 to host host-17
2024/07/26 14:35:27 Time: 14:35:27, Migrated container container-24 from host host-152 to host host-425
2024/07/26 14:35:27 Migrated container container-24 from host host-152 to host host-425
2024/07/26 14:35:27 Time: 14:35:27, Migrated container container-44 from host host-540 to host host-109
2024/07/26 14:35:27 Migrated container container-44 from host host-540 to host host-109
2024/07/26 14:35:27 Time: 14:35:27, Migrated container container-24 from host host-7 to host host-429
2024/07/26 14:35:27 Migrated container container-24 from host host-7 to host host-429
2024/07/26 14:35:27 Time: 14:35:27, Migrated container container-17 from host host-130 to host host-7
2024/07/26 14:35:27 Migrated container container-17 from host host-130 to host host-7
2024/07/26 14:35:27 Time: 14:35:27, Migrated container container-14 from host host-340 to host host-120
2024/07/26 14:35:27 Migrated container container-14 from host host-340 to host host-120
2024/07/26 14:35:27 Time: 14:35:27, Migrated container container-57 from host host-160 to host host-187
2024/07/26 14:35:27 Migrated container container-57 from host host-160 to host host-187
2024/07/26 14:35:27 Time: 14:35:27, Migrated container container-32 from host host-376 to host host-85
2024/07/26 14:35:27 Migrated container container-32 from host host-376 to host host-85
2024/07/26 14:35:27 Time: 14:35:27, Migrated container container-85 from host host-165 to host host-152
2024/07/26 14:35:27 Migrated container container-85 from host host-165 to host host-152
2024/07/26 14:35:27 Time: 14:35:27, Migrated container container-32 from host host-86 to host host-104
2024/07/26 14:35:27 Migrated container container-32 from host host-86 to host host-104
2024/07/26 14:35:27 Time: 14:35:27, Migrated container container-14 from host host-119 to host host-198
2024/07/26 14:35:27 Migrated container container-14 from host host-119 to host host-198
2024/07/26 14:35:27 Time: 14:35:27, Migrated container container-32 from host host-233 to host host-111
2024/07/26 14:35:27 Migrated container container-32 from host host-233 to host host-111
2024/07/26 14:35:27 Time: 14:35:27, Migrated container container-85 from host host-400 to host host-353
2024/07/26 14:35:27 Migrated container container-85 from host host-400 to host host-353
2024/07/26 14:35:27 Time: 14:35:27, Migrated container container-45 from host host-167 to host host-400
2024/07/26 14:35:27 Migrated container container-45 from host host-167 to host host-400
2024/07/26 14:35:27 Time: 14:35:27, Migrated container container-57 from host host-28 to host host-86
2024/07/26 14:35:27 Migrated container container-57 from host host-28 to host host-86
2024/07/26 14:35:27 Time: 14:35:27, Migrated container container-17 from host host-96 to host host-190
2024/07/26 14:35:27 Migrated container container-17 from host host-96 to host host-190
2024/07/26 14:35:27 Time: 14:35:27, Migrated container container-32 from host host-330 to host host-349
2024/07/26 14:35:27 Migrated container container-32 from host host-330 to host host-349
2024/07/26 14:35:27 Time: 14:35:27, Migrated container container-57 from host host-101 to host host-28
2024/07/26 14:35:27 Migrated container container-57 from host host-101 to host host-28
2024/07/26 14:35:27 Time: 14:35:27, Migrated container container-14 from host host-49 to host host-123
2024/07/26 14:35:27 Migrated container container-14 from host host-49 to host host-123
2024/07/26 14:35:27 Time: 14:35:27, Migrated container container-41 from host host-138 to host host-119
2024/07/26 14:35:27 Migrated container container-41 from host host-138 to host host-119
2024/07/26 14:35:27 Time: 14:35:27, Migrated container container-41 from host host-354 to host host-165
2024/07/26 14:35:27 Migrated container container-41 from host host-354 to host host-165
2024/07/26 14:35:58 Workload changed. Triggering reallocation...
2024/07/26 14:35:58 Triggering reallocation due to QoS violation
2024/07/26 14:35:58 Time: 14:35:58, Migrated container container-37 from host host-27 to host host-330
2024/07/26 14:35:58 Migrated container container-37 from host host-27 to host host-330
2024/07/26 14:35:58 Time: 14:35:58, Migrated container container-3 from host host-297 to host host-27
2024/07/26 14:35:58 Migrated container container-3 from host host-297 to host host-27
2024/07/26 14:35:58 Time: 14:35:58, Migrated container container-81 from host host-3 to host host-128
2024/07/26 14:35:58 Migrated container container-81 from host host-3 to host host-128
2024/07/26 14:35:58 Time: 14:35:58, Migrated container container-3 from host host-148 to host host-297
2024/07/26 14:35:58 Migrated container container-3 from host host-148 to host host-297
2024/07/26 14:35:58 Time: 14:35:58, Migrated container container-3 from host host-26 to host host-3
2024/07/26 14:35:58 Migrated container container-3 from host host-26 to host host-3
2024/07/26 14:35:58 Time: 14:35:58, Migrated container container-37 from host host-310 to host host-26
2024/07/26 14:35:58 Migrated container container-37 from host host-310 to host host-26
2024/07/26 14:35:58 Time: 14:35:58, Migrated container container-73 from host host-273 to host host-36
2024/07/26 14:35:58 Migrated container container-73 from host host-273 to host host-36
2024/07/26 14:35:58 Time: 14:35:58, Migrated container container-10 from host host-370 to host host-229
2024/07/26 14:35:58 Migrated container container-10 from host host-370 to host host-229
2024/07/26 14:35:58 Time: 14:35:58, Migrated container container-10 from host host-33 to host host-579
2024/07/26 14:35:58 Migrated container container-10 from host host-33 to host host-579
2024/07/26 14:35:58 Time: 14:35:58, Migrated container container-73 from host host-6 to host host-49
2024/07/26 14:35:58 Migrated container container-73 from host host-6 to host host-49
2024/07/26 14:35:58 Time: 14:35:58, Migrated container container-73 from host host-16 to host host-399
2024/07/26 14:35:58 Migrated container container-73 from host host-16 to host host-399
2024/07/26 14:35:58 Time: 14:35:58, Migrated container container-37 from host host-53 to host host-233
2024/07/26 14:35:58 Migrated container container-37 from host host-53 to host host-233
2024/07/26 14:35:58 Time: 14:35:58, Migrated container container-42 from host host-157 to host host-6
2024/07/26 14:35:58 Migrated container container-42 from host host-157 to host host-6
2024/07/26 14:35:58 Time: 14:35:58, Migrated container container-46 from host host-389 to host host-370
2024/07/26 14:35:58 Migrated container container-46 from host host-389 to host host-370
2024/07/26 14:35:58 Time: 14:35:58, Migrated container container-81 from host host-20 to host host-461
2024/07/26 14:35:58 Migrated container container-81 from host host-20 to host host-461
2024/07/26 14:35:58 Time: 14:35:58, Migrated container container-42 from host host-193 to host host-16
2024/07/26 14:35:58 Migrated container container-42 from host host-193 to host host-16
2024/07/26 14:35:58 Time: 14:35:58, Migrated container container-11 from host host-35 to host host-148
2024/07/26 14:35:58 Migrated container container-11 from host host-35 to host host-148
2024/07/26 14:35:58 Time: 14:35:58, Migrated container container-66 from host host-647 to host host-53
2024/07/26 14:35:58 Migrated container container-66 from host host-647 to host host-53
2024/07/26 14:35:58 Time: 14:35:58, Migrated container container-20 from host host-43 to host host-393
2024/07/26 14:35:58 Migrated container container-20 from host host-43 to host host-393
2024/07/26 14:35:58 Time: 14:35:58, Migrated container container-97 from host host-45 to host host-437
2024/07/26 14:35:58 Migrated container container-97 from host host-45 to host host-437
2024/07/26 14:35:58 Time: 14:35:58, Migrated container container-22 from host host-472 to host host-248
2024/07/26 14:35:58 Migrated container container-22 from host host-472 to host host-248
2024/07/26 14:35:58 Time: 14:35:58, Migrated container container-53 from host host-179 to host host-647
2024/07/26 14:35:58 Migrated container container-53 from host host-179 to host host-647
2024/07/26 14:35:58 Time: 14:35:58, Migrated container container-66 from host host-62 to host host-307
2024/07/26 14:35:58 Migrated container container-66 from host host-62 to host host-307
2024/07/26 14:35:58 Time: 14:35:58, Migrated container container-9 from host host-467 to host host-20
2024/07/26 14:35:58 Migrated container container-9 from host host-467 to host host-20
2024/07/26 14:35:58 Time: 14:35:58, Migrated container container-42 from host host-343 to host host-43
2024/07/26 14:35:58 Migrated container container-42 from host host-343 to host host-43
2024/07/26 14:35:58 Time: 14:35:58, Migrated container container-62 from host host-699 to host host-131
2024/07/26 14:35:58 Migrated container container-62 from host host-699 to host host-131
2024/07/26 14:35:58 Time: 14:35:58, Migrated container container-89 from host host-422 to host host-356
2024/07/26 14:35:58 Migrated container container-89 from host host-422 to host host-356
2024/07/26 14:35:58 Time: 14:35:58, Migrated container container-89 from host host-217 to host host-62
2024/07/26 14:35:58 Migrated container container-89 from host host-217 to host host-62
2024/07/26 14:35:58 Time: 14:35:58, Migrated container container-31 from host host-637 to host host-420
2024/07/26 14:35:58 Migrated container container-31 from host host-637 to host host-420
2024/07/26 14:35:58 Time: 14:35:58, Migrated container container-66 from host host-325 to host host-657
2024/07/26 14:35:58 Migrated container container-66 from host host-325 to host host-657
2024/07/26 14:35:58 Time: 14:35:58, Migrated container container-81 from host host-64 to host host-699
2024/07/26 14:35:58 Migrated container container-81 from host host-64 to host host-699
2024/07/26 14:35:58 Time: 14:35:58, Migrated container container-9 from host host-117 to host host-33
2024/07/26 14:35:58 Migrated container container-9 from host host-117 to host host-33
2024/07/26 14:35:58 Time: 14:35:58, Migrated container container-82 from host host-1 to host host-96
2024/07/26 14:35:58 Migrated container container-82 from host host-1 to host host-96
2024/07/26 14:35:58 Time: 14:35:58, Migrated container container-88 from host host-465 to host host-35
2024/07/26 14:35:58 Migrated container container-88 from host host-465 to host host-35
2024/07/26 14:35:58 Time: 14:35:58, Migrated container container-32 from host host-104 to host host-64
2024/07/26 14:35:58 Migrated container container-32 from host host-104 to host host-64
2024/07/26 14:35:58 Time: 14:35:58, Migrated container container-60 from host host-107 to host host-1
2024/07/26 14:35:58 Migrated container container-60 from host host-107 to host host-1
2024/07/26 14:35:58 Time: 14:35:58, Migrated container container-65 from host host-618 to host host-422
2024/07/26 14:35:58 Migrated container container-65 from host host-618 to host host-422
2024/07/26 14:35:58 Time: 14:35:58, Migrated container container-13 from host host-150 to host host-273
2024/07/26 14:35:58 Migrated container container-13 from host host-150 to host host-273
2024/07/26 14:35:58 Time: 14:35:58, Migrated container container-53 from host host-87 to host host-94
2024/07/26 14:35:58 Migrated container container-53 from host host-87 to host host-94
2024/07/26 14:35:58 Time: 14:35:58, Migrated container container-28 from host host-502 to host host-38
2024/07/26 14:35:58 Migrated container container-28 from host host-502 to host host-38
2024/07/26 14:35:58 Time: 14:35:58, Migrated container container-11 from host host-56 to host host-618
2024/07/26 14:35:58 Migrated container container-11 from host host-56 to host host-618
2024/07/26 14:35:58 Time: 14:35:58, Migrated container container-7 from host host-317 to host host-157
2024/07/26 14:35:58 Migrated container container-7 from host host-317 to host host-157
2024/07/26 14:35:58 Time: 14:35:58, Migrated container container-8 from host host-139 to host host-56
2024/07/26 14:35:58 Migrated container container-8 from host host-139 to host host-56
2024/07/26 14:35:58 Time: 14:35:58, Migrated container container-9 from host host-287 to host host-247
2024/07/26 14:35:58 Migrated container container-9 from host host-287 to host host-247
2024/07/26 14:35:58 Time: 14:35:58, Migrated container container-17 from host host-173 to host host-540
2024/07/26 14:35:58 Migrated container container-17 from host host-173 to host host-540
2024/07/26 14:35:58 Time: 14:35:58, Migrated container container-62 from host host-381 to host host-87
2024/07/26 14:35:58 Migrated container container-62 from host host-381 to host host-87
2024/07/26 14:35:58 Time: 14:35:58, Migrated container container-82 from host host-226 to host host-76
2024/07/26 14:35:58 Migrated container container-82 from host host-226 to host host-76
2024/07/26 14:35:58 Time: 14:35:58, Migrated container container-44 from host host-109 to host host-139
2024/07/26 14:35:58 Migrated container container-44 from host host-109 to host host-139
2024/07/26 14:35:58 Time: 14:35:58, Migrated container container-44 from host host-4 to host host-117
2024/07/26 14:35:58 Migrated container container-44 from host host-4 to host host-117
2024/07/26 14:35:58 Time: 14:35:58, Migrated container container-82 from host host-15 to host host-109
2024/07/26 14:35:58 Migrated container container-82 from host host-15 to host host-109
2024/07/26 14:35:58 Time: 14:35:58, Migrated container container-22 from host host-369 to host host-150
2024/07/26 14:35:58 Migrated container container-22 from host host-369 to host host-150
2024/07/26 14:35:58 Time: 14:35:58, Migrated container container-89 from host host-8 to host host-160
2024/07/26 14:35:58 Migrated container container-89 from host host-8 to host host-160
2024/07/26 14:35:58 Time: 14:35:58, Migrated container container-93 from host host-81 to host host-376
2024/07/26 14:35:58 Migrated container container-93 from host host-81 to host host-376
2024/07/26 14:35:58 Time: 14:35:58, Migrated container container-28 from host host-90 to host host-4
2024/07/26 14:35:58 Migrated container container-28 from host host-90 to host host-4
2024/07/26 14:35:58 Time: 14:35:58, Migrated container container-22 from host host-115 to host host-287
2024/07/26 14:35:58 Migrated container container-22 from host host-115 to host host-287
2024/07/26 14:35:58 Time: 14:35:58, Migrated container container-53 from host host-93 to host host-115
2024/07/26 14:35:58 Migrated container container-53 from host host-93 to host host-115
2024/07/26 14:35:58 Time: 14:35:58, Migrated container container-88 from host host-406 to host host-81
2024/07/26 14:35:58 Migrated container container-88 from host host-406 to host host-81
2024/07/26 14:35:58 Time: 14:35:58, Migrated container container-22 from host host-17 to host host-90
2024/07/26 14:35:58 Migrated container container-22 from host host-17 to host host-90
2024/07/26 14:35:58 Time: 14:35:58, Migrated container container-96 from host host-110 to host host-107
2024/07/26 14:35:58 Migrated container container-96 from host host-110 to host host-107
2024/07/26 14:35:58 Time: 14:35:58, Migrated container container-85 from host host-78 to host host-406
2024/07/26 14:35:58 Migrated container container-85 from host host-78 to host host-406
2024/07/26 14:35:58 Time: 14:35:58, Migrated container container-13 from host host-118 to host host-17
2024/07/26 14:35:58 Migrated container container-13 from host host-118 to host host-17
2024/07/26 14:35:58 Time: 14:35:58, Migrated container container-31 from host host-69 to host host-317
2024/07/26 14:35:58 Migrated container container-31 from host host-69 to host host-317
2024/07/26 14:35:58 Time: 14:35:58, Migrated container container-28 from host host-505 to host host-101
2024/07/26 14:35:58 Migrated container container-28 from host host-505 to host host-101
2024/07/26 14:35:58 Time: 14:35:58, Migrated container container-8 from host host-519 to host host-8
2024/07/26 14:35:58 Migrated container container-8 from host host-519 to host host-8
2024/07/26 14:35:58 Time: 14:35:58, Migrated container container-8 from host host-489 to host host-118
2024/07/26 14:35:58 Migrated container container-8 from host host-489 to host host-118
2024/07/26 14:35:58 Time: 14:35:58, Migrated container container-45 from host host-532 to host host-110
2024/07/26 14:35:58 Migrated container container-45 from host host-532 to host host-110
2024/07/26 14:35:58 Time: 14:35:58, Migrated container container-65 from host host-46 to host host-465
2024/07/26 14:35:58 Migrated container container-65 from host host-46 to host host-465
2024/07/26 14:35:58 Time: 14:35:58, Migrated container container-13 from host host-169 to host host-343
2024/07/26 14:35:58 Migrated container container-13 from host host-169 to host host-343
2024/07/26 14:35:58 Time: 14:35:58, Migrated container container-60 from host host-66 to host host-159
2024/07/26 14:35:58 Migrated container container-60 from host host-66 to host host-159
2024/07/26 14:35:58 Time: 14:35:58, Migrated container container-7 from host host-154 to host host-193
2024/07/26 14:35:58 Migrated container container-7 from host host-154 to host host-193
2024/07/26 14:35:58 Time: 14:35:58, Migrated container container-32 from host host-111 to host host-164
2024/07/26 14:35:58 Migrated container container-32 from host host-111 to host host-164
2024/07/26 14:35:58 Time: 14:35:58, Migrated container container-88 from host host-57 to host host-431
2024/07/26 14:35:58 Migrated container container-88 from host host-57 to host host-431
2024/07/26 14:35:58 Time: 14:35:58, Migrated container container-65 from host host-72 to host host-57
2024/07/26 14:35:58 Migrated container container-65 from host host-72 to host host-57
2024/07/26 14:35:58 Time: 14:35:58, Migrated container container-60 from host host-19 to host host-505
2024/07/26 14:35:58 Migrated container container-60 from host host-19 to host host-505
2024/07/26 14:35:58 Time: 14:35:58, Migrated container container-32 from host host-349 to host host-19
2024/07/26 14:35:58 Migrated container container-32 from host host-349 to host host-19
2024/07/26 14:35:58 Time: 14:35:58, Migrated container container-44 from host host-124 to host host-467
2024/07/26 14:35:58 Migrated container container-44 from host host-124 to host host-467
2024/07/26 14:35:58 Time: 14:35:58, Migrated container container-96 from host host-25 to host host-46
2024/07/26 14:35:58 Migrated container container-96 from host host-25 to host host-46
2024/07/26 14:35:58 Time: 14:35:58, Migrated container container-93 from host host-622 to host host-169
2024/07/26 14:35:58 Migrated container container-93 from host host-622 to host host-169
2024/07/26 14:35:58 Time: 14:35:58, Migrated container container-93 from host host-272 to host host-69
2024/07/26 14:35:58 Migrated container container-93 from host host-272 to host host-69
2024/07/26 14:35:58 Time: 14:35:58, Migrated container container-96 from host host-73 to host host-72
2024/07/26 14:35:58 Migrated container container-96 from host host-73 to host host-72
2024/07/26 14:35:58 Time: 14:35:58, Migrated container container-46 from host host-132 to host host-68
2024/07/26 14:35:58 Migrated container container-46 from host host-132 to host host-68
2024/07/26 14:35:58 Time: 14:35:58, Migrated container container-31 from host host-70 to host host-78
2024/07/26 14:35:58 Migrated container container-31 from host host-70 to host host-78
2024/07/26 14:35:58 Time: 14:35:58, Migrated container container-85 from host host-155 to host host-15
2024/07/26 14:35:58 Migrated container container-85 from host host-155 to host host-15
2024/07/26 14:35:58 Time: 14:35:58, Migrated container container-32 from host host-85 to host host-173
2024/07/26 14:35:58 Migrated container container-32 from host host-85 to host host-173
2024/07/26 14:35:58 Time: 14:35:58, Migrated container container-85 from host host-152 to host host-151
2024/07/26 14:35:58 Migrated container container-85 from host host-152 to host host-151
2024/07/26 14:35:58 Time: 14:35:58, Migrated container container-46 from host host-482 to host host-65
2024/07/26 14:35:58 Migrated container container-46 from host host-482 to host host-65
2024/07/26 14:35:58 Time: 14:35:58, Migrated container container-7 from host host-44 to host host-111
2024/07/26 14:35:58 Migrated container container-7 from host host-44 to host host-111
2024/07/26 14:35:58 Time: 14:35:58, Migrated container container-45 from host host-182 to host host-66
2024/07/26 14:35:58 Migrated container container-45 from host host-182 to host host-66
2024/07/26 14:35:58 Time: 14:35:58, Migrated container container-15 from host host-162 to host host-369
2024/07/26 14:35:58 Migrated container container-15 from host host-162 to host host-369
2024/07/26 14:35:58 Time: 14:35:58, Migrated container container-14 from host host-80 to host host-44
2024/07/26 14:35:58 Migrated container container-14 from host host-80 to host host-44
2024/07/26 14:35:58 Time: 14:35:58, Migrated container container-85 from host host-99 to host host-127
2024/07/26 14:35:58 Migrated container container-85 from host host-99 to host host-127
2024/07/26 14:35:58 Time: 14:35:58, Migrated container container-41 from host host-119 to host host-515
2024/07/26 14:35:58 Migrated container container-41 from host host-119 to host host-515
2024/07/26 14:35:58 Time: 14:35:58, Migrated container container-14 from host host-120 to host host-119
2024/07/26 14:35:58 Migrated container container-14 from host host-120 to host host-119
2024/07/26 14:35:58 Time: 14:35:58, Migrated container container-45 from host host-400 to host host-80
2024/07/26 14:35:58 Migrated container container-45 from host host-400 to host host-80
2024/07/26 14:35:58 Time: 14:35:58, Migrated container container-57 from host host-86 to host host-162
2024/07/26 14:35:58 Migrated container container-57 from host host-86 to host host-162
2024/07/26 14:35:58 Time: 14:35:58, Migrated container container-41 from host host-246 to host host-400
2024/07/26 14:35:58 Migrated container container-41 from host host-246 to host host-400
2024/07/26 14:35:58 Time: 14:35:58, Migrated container container-41 from host host-165 to host host-155
2024/07/26 14:35:58 Migrated container container-41 from host host-165 to host host-155
2024/07/26 14:35:58 Time: 14:35:58, Migrated container container-85 from host host-353 to host host-477
2024/07/26 14:35:58 Migrated container container-85 from host host-353 to host host-477
2024/07/26 14:35:58 Time: 14:35:58, Migrated container container-14 from host host-123 to host host-165
2024/07/26 14:35:58 Migrated container container-14 from host host-123 to host host-165
2024/07/26 14:35:58 Time: 14:35:58, Migrated container container-15 from host host-512 to host host-217
2024/07/26 14:35:58 Migrated container container-15 from host host-512 to host host-217
2024/07/26 14:35:58 Time: 14:35:58, Migrated container container-15 from host host-88 to host host-518
2024/07/26 14:35:58 Migrated container container-15 from host host-88 to host host-518
2024/07/26 14:35:58 Time: 14:35:58, Migrated container container-14 from host host-198 to host host-519
2024/07/26 14:35:58 Migrated container container-14 from host host-198 to host host-519
2024/07/26 14:36:28 Workload changed. Triggering reallocation...
2024/07/26 14:36:28 Triggering reallocation due to QoS violation
2024/07/26 14:36:28 Time: 14:36:28, Migrated container container-37 from host host-26 to host host-152
2024/07/26 14:36:28 Migrated container container-37 from host host-26 to host host-152
2024/07/26 14:36:28 Time: 14:36:28, Migrated container container-3 from host host-3 to host host-198
2024/07/26 14:36:28 Migrated container container-3 from host host-3 to host host-198
2024/07/26 14:36:28 Time: 14:36:28, Migrated container container-3 from host host-297 to host host-88
2024/07/26 14:36:28 Migrated container container-3 from host host-297 to host host-88
2024/07/26 14:36:28 Time: 14:36:28, Migrated container container-81 from host host-699 to host host-26
2024/07/26 14:36:28 Migrated container container-81 from host host-699 to host host-26
2024/07/26 14:36:28 Time: 14:36:28, Migrated container container-3 from host host-27 to host host-306
2024/07/26 14:36:28 Migrated container container-3 from host host-27 to host host-306
2024/07/26 14:36:28 Time: 14:36:28, Migrated container container-81 from host host-128 to host host-27
2024/07/26 14:36:28 Migrated container container-81 from host host-128 to host host-27
2024/07/26 14:36:28 Time: 14:36:28, Migrated container container-37 from host host-233 to host host-3
2024/07/26 14:36:28 Migrated container container-37 from host host-233 to host host-3
2024/07/26 14:36:28 Time: 14:36:28, Migrated container container-11 from host host-148 to host host-85
2024/07/26 14:36:28 Migrated container container-11 from host host-148 to host host-85
2024/07/26 14:36:28 Time: 14:36:28, Migrated container container-37 from host host-330 to host host-297
2024/07/26 14:36:28 Migrated container container-37 from host host-330 to host host-297
2024/07/26 14:36:28 Time: 14:36:28, Migrated container container-81 from host host-461 to host host-148
2024/07/26 14:36:28 Migrated container container-81 from host host-461 to host host-148
2024/07/26 14:36:28 Time: 14:36:28, Migrated container container-11 from host host-618 to host host-104
2024/07/26 14:36:28 Migrated container container-11 from host host-618 to host host-104
2024/07/26 14:36:28 Time: 14:36:28, Migrated container container-9 from host host-33 to host host-48
2024/07/26 14:36:28 Migrated container container-9 from host host-33 to host host-48
2024/07/26 14:36:28 Time: 14:36:28, Migrated container container-31 from host host-317 to host host-86
2024/07/26 14:36:28 Migrated container container-31 from host host-317 to host host-86
2024/07/26 14:36:28 Time: 14:36:28, Migrated container container-82 from host host-109 to host host-132
2024/07/26 14:36:28 Migrated container container-82 from host host-109 to host host-132
2024/07/26 14:36:28 Time: 14:36:28, Migrated container container-88 from host host-81 to host host-272
2024/07/26 14:36:28 Migrated container container-88 from host host-81 to host host-272
2024/07/26 14:36:28 Time: 14:36:28, Migrated container container-31 from host host-78 to host host-73
2024/07/26 14:36:28 Migrated container container-31 from host host-78 to host host-73
2024/07/26 14:36:28 Time: 14:36:28, Migrated container container-88 from host host-35 to host host-622
2024/07/26 14:36:28 Migrated container container-88 from host host-35 to host host-622
2024/07/26 14:36:28 Time: 14:36:28, Migrated container container-73 from host host-399 to host host-317
2024/07/26 14:36:28 Migrated container container-73 from host host-399 to host host-317
2024/07/26 14:36:28 Time: 14:36:28, Migrated container container-53 from host host-647 to host host-70
2024/07/26 14:36:28 Migrated container container-53 from host host-647 to host host-70
2024/07/26 14:36:28 Time: 14:36:28, Migrated container container-73 from host host-49 to host host-78
2024/07/26 14:36:28 Migrated container container-73 from host host-49 to host host-78
2024/07/26 14:36:28 Time: 14:36:28, Migrated container container-73 from host host-36 to host host-49
2024/07/26 14:36:28 Migrated container container-73 from host host-36 to host host-49
2024/07/26 14:36:28 Time: 14:36:28, Migrated container container-89 from host host-62 to host host-371
2024/07/26 14:36:28 Migrated container container-89 from host host-62 to host host-371
2024/07/26 14:36:28 Time: 14:36:28, Migrated container container-96 from host host-107 to host host-330
2024/07/26 14:36:28 Migrated container container-96 from host host-107 to host host-330
2024/07/26 14:36:28 Time: 14:36:28, Migrated container container-46 from host host-370 to host host-55
2024/07/26 14:36:28 Migrated container container-46 from host host-370 to host host-55
2024/07/26 14:36:28 Time: 14:36:28, Migrated container container-46 from host host-65 to host host-36
2024/07/26 14:36:28 Migrated container container-46 from host host-65 to host host-36
2024/07/26 14:36:28 Time: 14:36:28, Migrated container container-9 from host host-20 to host host-62
2024/07/26 14:36:28 Migrated container container-9 from host host-20 to host host-62
2024/07/26 14:36:28 Time: 14:36:28, Migrated container container-13 from host host-273 to host host-244
2024/07/26 14:36:28 Migrated container container-13 from host host-273 to host host-244
2024/07/26 14:36:28 Time: 14:36:28, Migrated container container-62 from host host-131 to host host-618
2024/07/26 14:36:28 Migrated container container-62 from host host-131 to host host-618
2024/07/26 14:36:28 Time: 14:36:28, Migrated container container-62 from host host-87 to host host-20
2024/07/26 14:36:28 Migrated container container-62 from host host-87 to host host-20
2024/07/26 14:36:28 Time: 14:36:28, Migrated container container-65 from host host-465 to host host-407
2024/07/26 14:36:28 Migrated container container-65 from host host-465 to host host-407
2024/07/26 14:36:28 Time: 14:36:28, Migrated container container-65 from host host-422 to host host-580
2024/07/26 14:36:28 Migrated container container-65 from host host-422 to host host-580
2024/07/26 14:36:28 Time: 14:36:28, Migrated container container-31 from host host-420 to host host-25
2024/07/26 14:36:28 Migrated container container-31 from host host-420 to host host-25
2024/07/26 14:36:28 Time: 14:36:28, Migrated container container-97 from host host-433 to host host-87
2024/07/26 14:36:28 Migrated container container-97 from host host-433 to host host-87
2024/07/26 14:36:28 Time: 14:36:28, Migrated container container-53 from host host-94 to host host-233
2024/07/26 14:36:28 Migrated container container-53 from host host-94 to host host-233
2024/07/26 14:36:28 Time: 14:36:28, Migrated container container-89 from host host-356 to host host-292
2024/07/26 14:36:28 Migrated container container-89 from host host-356 to host host-292
2024/07/26 14:36:28 Time: 14:36:28, Migrated container container-32 from host host-173 to host host-99
2024/07/26 14:36:28 Migrated container container-32 from host host-173 to host host-99
2024/07/26 14:36:28 Time: 14:36:28, Migrated container container-97 from host host-334 to host host-647
2024/07/26 14:36:28 Migrated container container-97 from host host-334 to host host-647
2024/07/26 14:36:28 Time: 14:36:28, Migrated container container-22 from host host-150 to host host-33
2024/07/26 14:36:28 Migrated container container-22 from host host-150 to host host-33
2024/07/26 14:36:28 Time: 14:36:28, Migrated container container-11 from host host-176 to host host-128
2024/07/26 14:36:28 Migrated container container-11 from host host-176 to host host-128
2024/07/26 14:36:28 Time: 14:36:28, Migrated container container-100 from host host-34 to host host-349
2024/07/26 14:36:28 Migrated container container-100 from host host-34 to host host-349
2024/07/26 14:36:28 Time: 14:36:28, Migrated container container-89 from host host-160 to host host-530
2024/07/26 14:36:28 Migrated container container-89 from host host-160 to host host-530
2024/07/26 14:36:28 Time: 14:36:28, Migrated container container-97 from host host-437 to host host-94
2024/07/26 14:36:28 Migrated container container-97 from host host-437 to host host-94
2024/07/26 14:36:28 Time: 14:36:28, Migrated container container-60 from host host-1 to host host-173
2024/07/26 14:36:28 Migrated container container-60 from host host-1 to host host-173
2024/07/26 14:36:28 Time: 14:36:28, Migrated container container-22 from host host-90 to host host-109
2024/07/26 14:36:28 Migrated container container-22 from host host-90 to host host-109
2024/07/26 14:36:28 Time: 14:36:28, Migrated container container-62 from host host-367 to host host-81
2024/07/26 14:36:28 Migrated container container-62 from host host-367 to host host-81
2024/07/26 14:36:28 Time: 14:36:28, Migrated container container-100 from host host-31 to host host-131
2024/07/26 14:36:28 Migrated container container-100 from host host-31 to host host-131
2024/07/26 14:36:28 Time: 14:36:28, Migrated container container-100 from host host-89 to host host-211
2024/07/26 14:36:28 Migrated container container-100 from host host-89 to host host-211
2024/07/26 14:36:28 Time: 14:36:28, Migrated container container-28 from host host-4 to host host-31
2024/07/26 14:36:28 Migrated container container-28 from host host-4 to host host-31
2024/07/26 14:36:28 Time: 14:36:28, Migrated container container-32 from host host-164 to host host-150
2024/07/26 14:36:28 Migrated container container-32 from host host-164 to host host-150
2024/07/26 14:36:28 Time: 14:36:28, Migrated container container-95 from host host-203 to host host-334
2024/07/26 14:36:28 Migrated container container-95 from host host-203 to host host-334
2024/07/26 14:36:28 Time: 14:36:28, Migrated container container-82 from host host-76 to host host-370
2024/07/26 14:36:28 Migrated container container-82 from host host-76 to host host-370
2024/07/26 14:36:28 Time: 14:36:28, Migrated container container-44 from host host-139 to host host-182
2024/07/26 14:36:28 Migrated container container-44 from host host-139 to host host-182
2024/07/26 14:36:28 Time: 14:36:28, Migrated container container-9 from host host-247 to host host-160
2024/07/26 14:36:28 Migrated container container-9 from host host-247 to host host-160
2024/07/26 14:36:28 Time: 14:36:28, Migrated container container-22 from host host-248 to host host-139
2024/07/26 14:36:28 Migrated container container-22 from host host-248 to host host-139
2024/07/26 14:36:28 Time: 14:36:28, Migrated container container-82 from host host-96 to host host-121
2024/07/26 14:36:28 Migrated container container-82 from host host-96 to host host-121
2024/07/26 14:36:28 Time: 14:36:28, Migrated container container-96 from host host-46 to host host-89
2024/07/26 14:36:28 Migrated container container-96 from host host-46 to host host-89
2024/07/26 14:36:28 Time: 14:36:28, Migrated container container-95 from host host-410 to host host-246
2024/07/26 14:36:28 Migrated container container-95 from host host-410 to host host-246
2024/07/26 14:36:28 Time: 14:36:28, Migrated container container-96 from host host-72 to host host-1
2024/07/26 14:36:28 Migrated container container-96 from host host-72 to host host-1
2024/07/26 14:36:28 Time: 14:36:28, Migrated container container-60 from host host-505 to host host-146
2024/07/26 14:36:28 Migrated container container-60 from host host-505 to host host-146
2024/07/26 14:36:28 Time: 14:36:28, Migrated container container-65 from host host-57 to host host-96
2024/07/26 14:36:28 Migrated container container-65 from host host-57 to host host-96
2024/07/26 14:36:28 Time: 14:36:28, Migrated container container-44 from host host-467 to host host-532
2024/07/26 14:36:28 Migrated container container-44 from host host-467 to host host-532
2024/07/26 14:36:28 Time: 14:36:28, Migrated container container-53 from host host-115 to host host-325
2024/07/26 14:36:28 Migrated container container-53 from host host-115 to host host-325
2024/07/26 14:36:28 Time: 14:36:28, Migrated container container-60 from host host-159 to host host-4
2024/07/26 14:36:28 Migrated container container-60 from host host-159 to host host-4
2024/07/26 14:36:28 Time: 14:36:28, Migrated container container-93 from host host-69 to host host-637
2024/07/26 14:36:28 Migrated container container-93 from host host-69 to host host-637
2024/07/26 14:36:28 Time: 14:36:28, Migrated container container-32 from host host-19 to host host-57
2024/07/26 14:36:28 Migrated container container-32 from host host-19 to host host-57
2024/07/26 14:36:28 Time: 14:36:28, Migrated container container-22 from host host-287 to host host-69
2024/07/26 14:36:28 Migrated container container-22 from host host-287 to host host-69
2024/07/26 14:36:28 Time: 14:36:28, Migrated container container-17 from host host-7 to host host-356
2024/07/26 14:36:28 Migrated container container-17 from host host-7 to host host-356
2024/07/26 14:36:28 Time: 14:36:28, Migrated container container-93 from host host-376 to host host-90
2024/07/26 14:36:28 Migrated container container-93 from host host-376 to host host-90
2024/07/26 14:36:28 Time: 14:36:28, Migrated container container-46 from host host-68 to host host-19
2024/07/26 14:36:28 Migrated container container-46 from host host-68 to host host-19
2024/07/26 14:36:28 Time: 14:36:28, Migrated container container-45 from host host-80 to host host-115
2024/07/26 14:36:28 Migrated container container-45 from host host-80 to host host-115
2024/07/26 14:36:28 Time: 14:36:28, Migrated container container-13 from host host-17 to host host-594
2024/07/26 14:36:28 Migrated container container-13 from host host-17 to host host-594
2024/07/26 14:36:28 Time: 14:36:28, Migrated container container-17 from host host-190 to host host-17
2024/07/26 14:36:28 Migrated container container-17 from host host-190 to host host-17
2024/07/26 14:36:28 Time: 14:36:28, Migrated container container-95 from host host-23 to host host-80
2024/07/26 14:36:28 Migrated container container-95 from host host-23 to host host-80
2024/07/26 14:36:28 Time: 14:36:28, Migrated container container-32 from host host-64 to host host-287
2024/07/26 14:36:28 Migrated container container-32 from host host-64 to host host-287
2024/07/26 14:36:28 Time: 14:36:28, Migrated container container-7 from host host-157 to host host-461
2024/07/26 14:36:28 Migrated container container-7 from host host-157 to host host-461
2024/07/26 14:36:28 Time: 14:36:28, Migrated container container-13 from host host-343 to host host-614
2024/07/26 14:36:28 Migrated container container-13 from host host-343 to host host-614
2024/07/26 14:36:28 Time: 14:36:28, Migrated container container-95 from host host-60 to host host-23
2024/07/26 14:36:28 Migrated container container-95 from host host-60 to host host-23
2024/07/26 14:36:28 Time: 14:36:28, Migrated container container-7 from host host-193 to host host-505
2024/07/26 14:36:28 Migrated container container-7 from host host-193 to host host-505
2024/07/26 14:36:28 Time: 14:36:28, Migrated container container-17 from host host-540 to host host-248
2024/07/26 14:36:28 Migrated container container-17 from host host-540 to host host-248
2024/07/26 14:36:28 Time: 14:36:28, Migrated container container-93 from host host-169 to host host-7
2024/07/26 14:36:28 Migrated container container-93 from host host-169 to host host-7
2024/07/26 14:36:28 Time: 14:36:28, Migrated container container-28 from host host-101 to host host-381
2024/07/26 14:36:28 Migrated container container-28 from host host-101 to host host-381
2024/07/26 14:36:28 Time: 14:36:28, Migrated container container-7 from host host-111 to host host-502
2024/07/26 14:36:28 Migrated container container-7 from host host-111 to host host-502
2024/07/26 14:36:28 Time: 14:36:28, Migrated container container-57 from host host-162 to host host-512
2024/07/26 14:36:28 Migrated container container-57 from host host-162 to host host-512
2024/07/26 14:36:28 Time: 14:36:28, Migrated container container-8 from host host-118 to host host-281
2024/07/26 14:36:28 Migrated container container-8 from host host-118 to host host-281
2024/07/26 14:36:28 Time: 14:36:28, Migrated container container-28 from host host-38 to host host-699
2024/07/26 14:36:28 Migrated container container-28 from host host-38 to host host-699
2024/07/26 14:36:28 Time: 14:36:28, Migrated container container-45 from host host-110 to host host-60
2024/07/26 14:36:28 Migrated container container-45 from host host-110 to host host-60
2024/07/26 14:36:28 Time: 14:36:28, Migrated container container-8 from host host-56 to host host-110
2024/07/26 14:36:28 Migrated container container-8 from host host-56 to host host-110
2024/07/26 14:36:28 Time: 14:36:28, Migrated container container-14 from host host-519 to host host-56
2024/07/26 14:36:28 Migrated container container-14 from host host-519 to host host-56
2024/07/26 14:36:28 Time: 14:36:28, Migrated container container-45 from host host-66 to host host-410
2024/07/26 14:36:28 Migrated container container-45 from host host-66 to host host-410
2024/07/26 14:36:28 Time: 14:36:28, Migrated container container-8 from host host-8 to host host-66
2024/07/26 14:36:28 Migrated container container-8 from host host-8 to host host-66
2024/07/26 14:36:28 Time: 14:36:28, Migrated container container-14 from host host-119 to host host-8
2024/07/26 14:36:28 Migrated container container-14 from host host-119 to host host-8
2024/07/26 14:36:28 Time: 14:36:28, Migrated container container-14 from host host-44 to host host-72
2024/07/26 14:36:28 Migrated container container-14 from host host-44 to host host-72
2024/07/26 14:36:28 Time: 14:36:28, Migrated container container-14 from host host-165 to host host-422
2024/07/26 14:36:28 Migrated container container-14 from host host-165 to host host-422
2024/07/26 14:36:28 Time: 14:36:28, Migrated container container-57 from host host-28 to host host-162
2024/07/26 14:36:28 Migrated container container-57 from host host-28 to host host-162
2024/07/26 14:36:57 Workload changed. Triggering reallocation...
2024/07/26 14:36:57 Triggering reallocation due to QoS violation
2024/07/26 14:36:57 Time: 14:36:57, Migrated container container-37 from host host-3 to host host-95
2024/07/26 14:36:57 Migrated container container-37 from host host-3 to host host-95
2024/07/26 14:36:57 Time: 14:36:57, Migrated container container-37 from host host-297 to host host-118
2024/07/26 14:36:57 Migrated container container-37 from host host-297 to host host-118
2024/07/26 14:36:57 Time: 14:36:57, Migrated container container-73 from host host-317 to host host-297
2024/07/26 14:36:57 Migrated container container-73 from host host-317 to host host-297
2024/07/26 14:36:57 Time: 14:36:57, Migrated container container-73 from host host-78 to host host-3
2024/07/26 14:36:57 Migrated container container-73 from host host-78 to host host-3
2024/07/26 14:36:57 Time: 14:36:57, Migrated container container-42 from host host-6 to host host-367
2024/07/26 14:36:57 Migrated container container-42 from host host-6 to host host-367
2024/07/26 14:36:57 Time: 14:36:57, Migrated container container-42 from host host-16 to host host-111
2024/07/26 14:36:57 Migrated container container-42 from host host-16 to host host-111
2024/07/26 14:36:57 Time: 14:36:57, Migrated container container-37 from host host-152 to host host-376
2024/07/26 14:36:57 Migrated container container-37 from host host-152 to host host-376
2024/07/26 14:36:57 Time: 14:36:57, Migrated container container-11 from host host-104 to host host-343
2024/07/26 14:36:57 Migrated container container-11 from host host-104 to host host-343
2024/07/26 14:36:57 Time: 14:36:57, Migrated container container-82 from host host-370 to host host-6
2024/07/26 14:36:57 Migrated container container-82 from host host-370 to host host-6
2024/07/26 14:36:57 Time: 14:36:57, Migrated container container-97 from host host-647 to host host-165
2024/07/26 14:36:57 Migrated container container-97 from host host-647 to host host-165
2024/07/26 14:36:57 Time: 14:36:57, Migrated container container-11 from host host-128 to host host-190
2024/07/26 14:36:57 Migrated container container-11 from host host-128 to host host-190
2024/07/26 14:36:57 Time: 14:36:57, Migrated container container-3 from host host-306 to host host-107
2024/07/26 14:36:57 Migrated container container-3 from host host-306 to host host-107
2024/07/26 14:36:57 Time: 14:36:57, Migrated container container-9 from host host-62 to host host-438
2024/07/26 14:36:57 Migrated container container-9 from host host-62 to host host-438
2024/07/26 14:36:57 Time: 14:36:57, Migrated container container-73 from host host-49 to host host-203
2024/07/26 14:36:57 Migrated container container-73 from host host-49 to host host-203
2024/07/26 14:36:57 Time: 14:36:57, Migrated container container-96 from host host-1 to host host-159
2024/07/26 14:36:57 Migrated container container-96 from host host-1 to host host-159
2024/07/26 14:36:57 Time: 14:36:57, Migrated container container-3 from host host-88 to host host-1
2024/07/26 14:36:57 Migrated container container-3 from host host-88 to host host-1
2024/07/26 14:36:57 Time: 14:36:57, Migrated container container-82 from host host-121 to host host-16
2024/07/26 14:36:57 Migrated container container-82 from host host-121 to host host-16
2024/07/26 14:36:57 Time: 14:36:57, Migrated container container-65 from host host-580 to host host-49
2024/07/26 14:36:57 Migrated container container-65 from host host-580 to host host-49
2024/07/26 14:36:57 Time: 14:36:57, Migrated container container-97 from host host-94 to host host-169
2024/07/26 14:36:57 Migrated container container-97 from host host-94 to host host-169
2024/07/26 14:36:57 Time: 14:36:57, Migrated container container-60 from host host-146 to host host-34
2024/07/26 14:36:57 Migrated container container-60 from host host-146 to host host-34
2024/07/26 14:36:57 Time: 14:36:57, Migrated container container-22 from host host-33 to host host-370
2024/07/26 14:36:57 Migrated container container-22 from host host-33 to host host-370
2024/07/26 14:36:57 Time: 14:36:57, Migrated container container-3 from host host-198 to host host-176
2024/07/26 14:36:57 Migrated container container-3 from host host-198 to host host-176
2024/07/26 14:36:57 Time: 14:36:57, Migrated container container-100 from host host-131 to host host-88
2024/07/26 14:36:57 Migrated container container-100 from host host-131 to host host-88
2024/07/26 14:36:57 Time: 14:36:57, Migrated container container-60 from host host-4 to host host-157
2024/07/26 14:36:57 Migrated container container-60 from host host-4 to host host-157
2024/07/26 14:36:57 Time: 14:36:57, Migrated container container-97 from host host-87 to host host-273
2024/07/26 14:36:57 Migrated container container-97 from host host-87 to host host-273
2024/07/26 14:36:57 Time: 14:36:57, Migrated container container-96 from host host-89 to host host-509
2024/07/26 14:36:57 Migrated container container-96 from host host-89 to host host-509
2024/07/26 14:36:57 Time: 14:36:57, Migrated container container-11 from host host-85 to host host-540
2024/07/26 14:36:57 Migrated container container-11 from host host-85 to host host-540
2024/07/26 14:36:57 Time: 14:36:57, Migrated container container-9 from host host-160 to host host-306
2024/07/26 14:36:57 Migrated container container-9 from host host-160 to host host-306
2024/07/26 14:36:57 Time: 14:36:57, Migrated container container-60 from host host-173 to host host-87
2024/07/26 14:36:57 Migrated container container-60 from host host-173 to host host-87
2024/07/26 14:36:57 Time: 14:36:57, Migrated container container-82 from host host-132 to host host-4
2024/07/26 14:36:57 Migrated container container-82 from host host-132 to host host-4
2024/07/26 14:36:57 Time: 14:36:57, Migrated container container-22 from host host-139 to host host-28
2024/07/26 14:36:57 Migrated container container-22 from host host-139 to host host-28
2024/07/26 14:36:57 Time: 14:36:57, Migrated container container-100 from host host-349 to host host-340
2024/07/26 14:36:57 Migrated container container-100 from host host-349 to host host-340
2024/07/26 14:36:57 Time: 14:36:57, Migrated container container-22 from host host-109 to host host-160
2024/07/26 14:36:57 Migrated container container-22 from host host-109 to host host-160
2024/07/26 14:36:57 Time: 14:36:57, Migrated container container-31 from host host-86 to host host-64
2024/07/26 14:36:57 Migrated container container-31 from host host-86 to host host-64
2024/07/26 14:36:57 Time: 14:36:57, Migrated container container-53 from host host-325 to host host-152
2024/07/26 14:36:57 Migrated container container-53 from host host-325 to host host-152
2024/07/26 14:36:57 Time: 14:36:57, Migrated container container-100 from host host-211 to host host-33
2024/07/26 14:36:57 Migrated container container-100 from host host-211 to host host-33
2024/07/26 14:36:57 Time: 14:36:57, Migrated container container-65 from host host-407 to host host-317
2024/07/26 14:36:57 Migrated container container-65 from host host-407 to host host-317
2024/07/26 14:36:57 Time: 14:36:57, Migrated container container-93 from host host-637 to host host-86
2024/07/26 14:36:57 Migrated container container-93 from host host-637 to host host-86
2024/07/26 14:36:57 Time: 14:36:57, Migrated container container-9 from host host-48 to host host-305
2024/07/26 14:36:57 Migrated container container-9 from host host-48 to host host-305
2024/07/26 14:36:57 Time: 14:36:57, Migrated container container-44 from host host-532 to host host-637
2024/07/26 14:36:57 Migrated container container-44 from host host-532 to host host-637
2024/07/26 14:36:57 Time: 14:36:57, Migrated container container-46 from host host-55 to host host-173
2024/07/26 14:36:57 Migrated container container-46 from host host-55 to host host-173
2024/07/26 14:36:57 Time: 14:36:57, Migrated container container-31 from host host-25 to host host-89
2024/07/26 14:36:57 Migrated container container-31 from host host-25 to host host-89
2024/07/26 14:36:57 Time: 14:36:57, Migrated container container-95 from host host-80 to host host-320
2024/07/26 14:36:57 Migrated container container-95 from host host-80 to host host-320
2024/07/26 14:36:57 Time: 14:36:57, Migrated container container-31 from host host-73 to host host-44
2024/07/26 14:36:57 Migrated container container-31 from host host-73 to host host-44
2024/07/26 14:36:57 Time: 14:36:57, Migrated container container-28 from host host-699 to host host-78
2024/07/26 14:36:57 Migrated container container-28 from host host-699 to host host-78
2024/07/26 14:36:57 Time: 14:36:57, Migrated container container-13 from host host-244 to host host-647
2024/07/26 14:36:57 Migrated container container-13 from host host-244 to host host-647
2024/07/26 14:36:57 Time: 14:36:57, Migrated container container-53 from host host-233 to host host-120
2024/07/26 14:36:57 Migrated container container-53 from host host-233 to host host-120
2024/07/26 14:36:57 Time: 14:36:57, Migrated container container-22 from host host-69 to host host-510
2024/07/26 14:36:57 Migrated container container-22 from host host-69 to host host-510
2024/07/26 14:36:57 Time: 14:36:57, Migrated container container-32 from host host-150 to host host-69
2024/07/26 14:36:57 Migrated container container-32 from host host-150 to host host-69
2024/07/26 14:36:57 Time: 14:36:57, Migrated container container-7 from host host-502 to host host-198
2024/07/26 14:36:57 Migrated container container-7 from host host-502 to host host-198
2024/07/26 14:36:57 Time: 14:36:57, Migrated container container-95 from host host-23 to host host-62
2024/07/26 14:36:57 Migrated container container-95 from host host-23 to host host-62
2024/07/26 14:36:57 Time: 14:36:57, Migrated container container-17 from host host-356 to host host-73
2024/07/26 14:36:57 Migrated container container-17 from host host-356 to host host-73
2024/07/26 14:36:57 Time: 14:36:57, Migrated container container-53 from host host-70 to host host-467
2024/07/26 14:36:57 Migrated container container-53 from host host-70 to host host-467
2024/07/26 14:36:57 Time: 14:36:57, Migrated container container-44 from host host-117 to host host-70
2024/07/26 14:36:57 Migrated container container-44 from host host-117 to host host-70
2024/07/26 14:36:57 Time: 14:36:57, Migrated container container-65 from host host-96 to host host-23
2024/07/26 14:36:57 Migrated container container-65 from host host-96 to host host-23
2024/07/26 14:36:57 Time: 14:36:57, Migrated container container-93 from host host-90 to host host-80
2024/07/26 14:36:57 Migrated container container-93 from host host-90 to host host-80
2024/07/26 14:36:57 Time: 14:36:57, Migrated container container-44 from host host-182 to host host-233
2024/07/26 14:36:57 Migrated container container-44 from host host-182 to host host-233
2024/07/26 14:36:57 Time: 14:36:57, Migrated container container-17 from host host-248 to host host-25
2024/07/26 14:36:57 Migrated container container-17 from host host-248 to host host-25
2024/07/26 14:36:57 Time: 14:36:57, Migrated container container-28 from host host-31 to host host-108
2024/07/26 14:36:57 Migrated container container-28 from host host-31 to host host-108
2024/07/26 14:36:57 Time: 14:36:57, Migrated container container-95 from host host-246 to host host-244
2024/07/26 14:36:57 Migrated container container-95 from host host-246 to host host-244
2024/07/26 14:36:57 Time: 14:36:57, Migrated container container-46 from host host-19 to host host-109
2024/07/26 14:36:57 Migrated container container-46 from host host-19 to host host-109
2024/07/26 14:36:57 Time: 14:36:57, Migrated container container-95 from host host-334 to host host-356
2024/07/26 14:36:57 Migrated container container-95 from host host-334 to host host-356
2024/07/26 14:36:57 Time: 14:36:57, Migrated container container-57 from host host-162 to host host-19
2024/07/26 14:36:57 Migrated container container-57 from host host-162 to host host-19
2024/07/26 14:36:57 Time: 14:36:57, Migrated container container-13 from host host-594 to host host-94
2024/07/26 14:36:57 Migrated container container-13 from host host-594 to host host-94
2024/07/26 14:36:57 Time: 14:36:57, Migrated container container-93 from host host-7 to host host-90
2024/07/26 14:36:57 Migrated container container-93 from host host-7 to host host-90
2024/07/26 14:36:57 Time: 14:36:57, Migrated container container-41 from host host-155 to host host-502
2024/07/26 14:36:57 Migrated container container-41 from host host-155 to host host-502
2024/07/26 14:36:57 Time: 14:36:57, Migrated container container-46 from host host-36 to host host-132
2024/07/26 14:36:57 Migrated container container-46 from host host-36 to host host-132
2024/07/26 14:36:57 Time: 14:36:57, Migrated container container-7 from host host-505 to host host-123
2024/07/26 14:36:57 Migrated container container-7 from host host-505 to host host-123
2024/07/26 14:36:57 Time: 14:36:57, Migrated container container-17 from host host-17 to host host-117
2024/07/26 14:36:57 Migrated container container-17 from host host-17 to host host-117
2024/07/26 14:36:57 Time: 14:36:57, Migrated container container-45 from host host-115 to host host-334
2024/07/26 14:36:57 Migrated container container-45 from host host-115 to host host-334
2024/07/26 14:36:57 Time: 14:36:57, Migrated container container-28 from host host-381 to host host-17
2024/07/26 14:36:57 Migrated container container-28 from host host-381 to host host-17
2024/07/26 14:36:57 Time: 14:36:57, Migrated container container-8 from host host-110 to host host-7
2024/07/26 14:36:57 Migrated container container-8 from host host-110 to host host-7
2024/07/26 14:36:57 Time: 14:36:57, Migrated container container-7 from host host-461 to host host-31
2024/07/26 14:36:57 Migrated container container-7 from host host-461 to host host-31
2024/07/26 14:36:57 Time: 14:36:57, Migrated container container-8 from host host-66 to host host-162
2024/07/26 14:36:57 Migrated container container-8 from host host-66 to host host-162
2024/07/26 14:36:57 Time: 14:36:57, Migrated container container-13 from host host-614 to host host-115
2024/07/26 14:36:57 Migrated container container-13 from host host-614 to host host-115
2024/07/26 14:36:57 Time: 14:36:57, Migrated container container-14 from host host-422 to host host-465
2024/07/26 14:36:57 Migrated container container-14 from host host-422 to host host-465
2024/07/26 14:36:57 Time: 14:36:57, Migrated container container-41 from host host-515 to host host-353
2024/07/26 14:36:57 Migrated container container-41 from host host-515 to host host-353
2024/07/26 14:36:57 Time: 14:36:57, Migrated container container-41 from host host-400 to host host-548
2024/07/26 14:36:57 Migrated container container-41 from host host-400 to host host-548
2024/07/26 14:36:57 Time: 14:36:57, Migrated container container-57 from host host-512 to host host-234
2024/07/26 14:36:57 Migrated container container-57 from host host-512 to host host-234
2024/07/26 14:36:57 Time: 14:36:57, Migrated container container-57 from host host-187 to host host-400
2024/07/26 14:36:57 Migrated container container-57 from host host-187 to host host-400
2024/07/26 14:36:57 Time: 14:36:57, Migrated container container-14 from host host-72 to host host-93
2024/07/26 14:36:57 Migrated container container-14 from host host-72 to host host-93
2024/07/26 14:36:57 Time: 14:36:57, Migrated container container-14 from host host-56 to host host-179
2024/07/26 14:36:57 Migrated container container-14 from host host-56 to host host-179
2024/07/26 14:36:57 Time: 14:36:57, Migrated container container-14 from host host-8 to host host-110
2024/07/26 14:36:57 Migrated container container-14 from host host-8 to host host-110
2024/07/26 14:37:28 Workload changed. Triggering reallocation...
2024/07/26 14:37:28 Triggering reallocation due to QoS violation
2024/07/26 14:37:28 Time: 14:37:28, Migrated container container-37 from host host-95 to host host-56
2024/07/26 14:37:28 Migrated container container-37 from host host-95 to host host-56
2024/07/26 14:37:28 Time: 14:37:28, Migrated container container-73 from host host-3 to host host-66
2024/07/26 14:37:28 Migrated container container-73 from host host-3 to host host-66
2024/07/26 14:37:28 Time: 14:37:28, Migrated container container-73 from host host-203 to host host-46
2024/07/26 14:37:28 Migrated container container-73 from host host-203 to host host-46
2024/07/26 14:37:28 Time: 14:37:28, Migrated container container-73 from host host-297 to host host-3
2024/07/26 14:37:28 Migrated container container-73 from host host-297 to host host-3
2024/07/26 14:37:28 Time: 14:37:28, Migrated container container-81 from host host-148 to host host-297
2024/07/26 14:37:28 Migrated container container-81 from host host-148 to host host-297
2024/07/26 14:37:28 Time: 14:37:28, Migrated container container-81 from host host-26 to host host-8
2024/07/26 14:37:28 Migrated container container-81 from host host-26 to host host-8
2024/07/26 14:37:28 Time: 14:37:28, Migrated container container-42 from host host-43 to host host-155
2024/07/26 14:37:28 Migrated container container-42 from host host-43 to host host-155
2024/07/26 14:37:28 Time: 14:37:28, Migrated container container-81 from host host-27 to host host-72
2024/07/26 14:37:28 Migrated container container-81 from host host-27 to host host-72
2024/07/26 14:37:28 Time: 14:37:28, Migrated container container-37 from host host-376 to host host-26
2024/07/26 14:37:28 Migrated container container-37 from host host-376 to host host-26
2024/07/26 14:37:28 Time: 14:37:28, Migrated container container-3 from host host-107 to host host-148
2024/07/26 14:37:28 Migrated container container-3 from host host-107 to host host-148
2024/07/26 14:37:28 Time: 14:37:28, Migrated container container-82 from host host-6 to host host-43
2024/07/26 14:37:28 Migrated container container-82 from host host-6 to host host-43
2024/07/26 14:37:28 Time: 14:37:28, Migrated container container-37 from host host-118 to host host-6
2024/07/26 14:37:28 Migrated container container-37 from host host-118 to host host-6
2024/07/26 14:37:28 Time: 14:37:28, Migrated container container-97 from host host-273 to host host-27
2024/07/26 14:37:28 Migrated container container-97 from host host-273 to host host-27
2024/07/26 14:37:28 Time: 14:37:28, Migrated container container-42 from host host-111 to host host-505
2024/07/26 14:37:28 Migrated container container-42 from host host-111 to host host-505
2024/07/26 14:37:28 Time: 14:37:28, Migrated container container-42 from host host-367 to host host-614
2024/07/26 14:37:28 Migrated container container-42 from host host-367 to host host-614
2024/07/26 14:37:28 Time: 14:37:28, Migrated container container-9 from host host-438 to host host-111
2024/07/26 14:37:28 Migrated container container-9 from host host-438 to host host-111
2024/07/26 14:37:28 Time: 14:37:28, Migrated container container-89 from host host-530 to host host-367
2024/07/26 14:37:28 Migrated container container-89 from host host-530 to host host-367
2024/07/26 14:37:28 Time: 14:37:28, Migrated container container-100 from host host-33 to host host-247
2024/07/26 14:37:28 Migrated container container-100 from host host-33 to host host-247
2024/07/26 14:37:28 Time: 14:37:28, Migrated container container-22 from host host-370 to host host-187
2024/07/26 14:37:28 Migrated container container-22 from host host-370 to host host-187
2024/07/26 14:37:28 Time: 14:37:28, Migrated container container-65 from host host-317 to host host-355
2024/07/26 14:37:28 Migrated container container-65 from host host-317 to host host-355
2024/07/26 14:37:28 Time: 14:37:28, Migrated container container-31 from host host-89 to host host-119
2024/07/26 14:37:28 Migrated container container-31 from host host-89 to host host-119
2024/07/26 14:37:28 Time: 14:37:28, Migrated container container-100 from host host-340 to host host-48
2024/07/26 14:37:28 Migrated container container-100 from host host-340 to host host-48
2024/07/26 14:37:28 Time: 14:37:28, Migrated container container-22 from host host-510 to host host-89
2024/07/26 14:37:28 Migrated container container-22 from host host-510 to host host-89
2024/07/26 14:37:28 Time: 14:37:28, Migrated container container-95 from host host-320 to host host-95
2024/07/26 14:37:28 Migrated container container-95 from host host-320 to host host-95
2024/07/26 14:37:28 Time: 14:37:28, Migrated container container-60 from host host-157 to host host-437
2024/07/26 14:37:28 Migrated container container-60 from host host-157 to host host-437
2024/07/26 14:37:28 Time: 14:37:28, Migrated container container-97 from host host-165 to host host-310
2024/07/26 14:37:28 Migrated container container-97 from host host-165 to host host-310
2024/07/26 14:37:28 Time: 14:37:28, Migrated container container-88 from host host-431 to host host-376
2024/07/26 14:37:28 Migrated container container-88 from host host-431 to host host-376
2024/07/26 14:37:28 Time: 14:37:28, Migrated container container-44 from host host-637 to host host-325
2024/07/26 14:37:28 Migrated container container-44 from host host-637 to host host-325
2024/07/26 14:37:28 Time: 14:37:28, Migrated container container-45 from host host-410 to host host-246
2024/07/26 14:37:28 Migrated container container-45 from host host-410 to host host-246
2024/07/26 14:37:28 Time: 14:37:28, Migrated container container-31 from host host-44 to host host-165
2024/07/26 14:37:28 Migrated container container-31 from host host-44 to host host-165
2024/07/26 14:37:28 Time: 14:37:28, Migrated container container-88 from host host-622 to host host-182
2024/07/26 14:37:28 Migrated container container-88 from host host-622 to host host-182
2024/07/26 14:37:28 Time: 14:37:28, Migrated container container-97 from host host-169 to host host-317
2024/07/26 14:37:28 Migrated container container-97 from host host-169 to host host-317
2024/07/26 14:37:28 Time: 14:37:28, Migrated container container-22 from host host-160 to host host-44
2024/07/26 14:37:28 Migrated container container-22 from host host-160 to host host-44
2024/07/26 14:37:28 Time: 14:37:28, Migrated container container-53 from host host-467 to host host-370
2024/07/26 14:37:28 Migrated container container-53 from host host-467 to host host-370
2024/07/26 14:37:28 Time: 14:37:28, Migrated container container-88 from host host-272 to host host-532
2024/07/26 14:37:28 Migrated container container-88 from host host-272 to host host-532
2024/07/26 14:37:28 Time: 14:37:28, Migrated container container-95 from host host-62 to host host-118
2024/07/26 14:37:28 Migrated container container-95 from host host-62 to host host-118
2024/07/26 14:37:28 Time: 14:37:28, Migrated container container-46 from host host-109 to host host-482
2024/07/26 14:37:28 Migrated container container-46 from host host-109 to host host-482
2024/07/26 14:37:28 Time: 14:37:28, Migrated container container-9 from host host-306 to host host-349
2024/07/26 14:37:28 Migrated container container-9 from host host-306 to host host-349
2024/07/26 14:37:28 Time: 14:37:28, Migrated container container-93 from host host-80 to host host-33
2024/07/26 14:37:28 Migrated container container-93 from host host-80 to host host-33
2024/07/26 14:37:28 Time: 14:37:28, Migrated container container-95 from host host-244 to host host-150
2024/07/26 14:37:28 Migrated container container-95 from host host-244 to host host-150
2024/07/26 14:37:28 Time: 14:37:28, Migrated container container-65 from host host-23 to host host-193
2024/07/26 14:37:28 Migrated container container-65 from host host-23 to host host-193
2024/07/26 14:37:28 Time: 14:37:28, Migrated container container-100 from host host-88 to host host-62
2024/07/26 14:37:28 Migrated container container-100 from host host-88 to host host-62
2024/07/26 14:37:28 Time: 14:37:28, Migrated container container-53 from host host-152 to host host-68
2024/07/26 14:37:28 Migrated container container-53 from host host-152 to host host-68
2024/07/26 14:37:28 Time: 14:37:28, Migrated container container-53 from host host-120 to host host-23
2024/07/26 14:37:28 Migrated container container-53 from host host-120 to host host-23
2024/07/26 14:37:28 Time: 14:37:28, Migrated container container-31 from host host-64 to host host-169
2024/07/26 14:37:28 Migrated container container-31 from host host-64 to host host-169
2024/07/26 14:37:28 Time: 14:37:28, Migrated container container-13 from host host-647 to host host-64
2024/07/26 14:37:28 Migrated container container-13 from host host-647 to host host-64
2024/07/26 14:37:28 Time: 14:37:28, Migrated container container-28 from host host-108 to host host-128
2024/07/26 14:37:28 Migrated container container-28 from host host-108 to host host-128
2024/07/26 14:37:28 Time: 14:37:28, Migrated container container-93 from host host-90 to host host-109
2024/07/26 14:37:28 Migrated container container-93 from host host-90 to host host-109
2024/07/26 14:37:28 Time: 14:37:28, Migrated container container-28 from host host-78 to host host-461
2024/07/26 14:37:28 Migrated container container-28 from host host-78 to host host-461
2024/07/26 14:37:28 Time: 14:37:28, Migrated container container-22 from host host-28 to host host-154
2024/07/26 14:37:28 Migrated container container-22 from host host-28 to host host-154
2024/07/26 14:37:28 Time: 14:37:28, Migrated container container-8 from host host-162 to host host-512
2024/07/26 14:37:28 Migrated container container-8 from host host-162 to host host-512
2024/07/26 14:37:28 Time: 14:37:28, Migrated container container-12 from host host-156 to host host-647
2024/07/26 14:37:28 Migrated container container-12 from host host-156 to host host-647
2024/07/26 14:37:28 Time: 14:37:28, Migrated container container-89 from host host-371 to host host-248
2024/07/26 14:37:28 Migrated container container-89 from host host-371 to host host-248
2024/07/26 14:37:28 Time: 14:37:28, Migrated container container-57 from host host-234 to host host-131
2024/07/26 14:37:28 Migrated container container-57 from host host-234 to host host-131
2024/07/26 14:37:28 Time: 14:37:28, Migrated container container-12 from host host-296 to host host-36
2024/07/26 14:37:28 Migrated container container-12 from host host-296 to host host-36
2024/07/26 14:37:28 Time: 14:37:28, Migrated container container-41 from host host-502 to host host-88
2024/07/26 14:37:28 Migrated container container-41 from host host-502 to host host-88
2024/07/26 14:37:28 Time: 14:37:28, Migrated container container-45 from host host-60 to host host-80
2024/07/26 14:37:28 Migrated container container-45 from host host-60 to host host-80
2024/07/26 14:37:28 Time: 14:37:28, Migrated container container-12 from host host-498 to host host-147
2024/07/26 14:37:28 Migrated container container-12 from host host-498 to host host-147
2024/07/26 14:37:28 Time: 14:37:28, Migrated container container-9 from host host-305 to host host-60
2024/07/26 14:37:28 Migrated container container-9 from host host-305 to host host-60
2024/07/26 14:37:28 Time: 14:37:28, Migrated container container-14 from host host-179 to host host-90
2024/07/26 14:37:28 Migrated container container-14 from host host-179 to host host-90
2024/07/26 14:37:28 Time: 14:37:28, Migrated container container-95 from host host-356 to host host-120
2024/07/26 14:37:28 Migrated container container-95 from host host-356 to host host-120
2024/07/26 14:37:28 Time: 14:37:28, Migrated container container-89 from host host-292 to host host-203
2024/07/26 14:37:28 Migrated container container-89 from host host-292 to host host-203
2024/07/26 14:37:28 Time: 14:37:28, Migrated container container-93 from host host-86 to host host-139
2024/07/26 14:37:28 Migrated container container-93 from host host-86 to host host-139
2024/07/26 14:37:28 Time: 14:37:28, Migrated container container-12 from host host-61 to host host-272
2024/07/26 14:37:28 Migrated container container-12 from host host-61 to host host-272
2024/07/26 14:37:28 Time: 14:37:28, Migrated container container-13 from host host-94 to host host-157
2024/07/26 14:37:28 Migrated container container-13 from host host-94 to host host-157
2024/07/26 14:37:28 Time: 14:37:28, Migrated container container-65 from host host-49 to host host-543
2024/07/26 14:37:28 Migrated container container-65 from host host-49 to host host-543
2024/07/26 14:37:28 Time: 14:37:28, Migrated container container-45 from host host-334 to host host-49
2024/07/26 14:37:28 Migrated container container-45 from host host-334 to host host-49
2024/07/26 14:37:28 Time: 14:37:28, Migrated container container-17 from host host-117 to host host-467
2024/07/26 14:37:28 Migrated container container-17 from host host-117 to host host-467
2024/07/26 14:37:28 Time: 14:37:28, Migrated container container-32 from host host-69 to host host-637
2024/07/26 14:37:28 Migrated container container-32 from host host-69 to host host-637
2024/07/26 14:37:28 Time: 14:37:28, Migrated container container-32 from host host-99 to host host-69
2024/07/26 14:37:28 Migrated container container-32 from host host-99 to host host-69
2024/07/26 14:37:28 Time: 14:37:28, Migrated container container-14 from host host-465 to host host-28
2024/07/26 14:37:28 Migrated container container-14 from host host-465 to host host-28
2024/07/26 14:37:28 Time: 14:37:28, Migrated container container-8 from host host-7 to host host-162
2024/07/26 14:37:28 Migrated container container-8 from host host-7 to host host-162
2024/07/26 14:37:28 Time: 14:37:28, Migrated container container-44 from host host-233 to host host-152
2024/07/26 14:37:28 Migrated container container-44 from host host-233 to host host-152
2024/07/26 14:37:28 Time: 14:37:28, Migrated container container-17 from host host-25 to host host-117
2024/07/26 14:37:28 Migrated container container-17 from host host-25 to host host-117
2024/07/26 14:37:28 Time: 14:37:28, Migrated container container-44 from host host-70 to host host-470
2024/07/26 14:37:28 Migrated container container-44 from host host-70 to host host-470
2024/07/26 14:37:28 Time: 14:37:28, Migrated container container-7 from host host-31 to host host-381
2024/07/26 14:37:28 Migrated container container-7 from host host-31 to host host-381
2024/07/26 14:37:28 Time: 14:37:28, Migrated container container-17 from host host-73 to host host-634
2024/07/26 14:37:28 Migrated container container-17 from host host-73 to host host-634
2024/07/26 14:37:28 Time: 14:37:28, Migrated container container-41 from host host-548 to host host-306
2024/07/26 14:37:28 Migrated container container-41 from host host-548 to host host-306
2024/07/26 14:37:28 Time: 14:37:28, Migrated container container-28 from host host-17 to host host-699
2024/07/26 14:37:28 Migrated container container-28 from host host-17 to host host-699
2024/07/26 14:37:28 Time: 14:37:28, Migrated container container-13 from host host-115 to host host-277
2024/07/26 14:37:28 Migrated container container-13 from host host-115 to host host-277
2024/07/26 14:37:28 Time: 14:37:28, Migrated container container-14 from host host-110 to host host-17
2024/07/26 14:37:28 Migrated container container-14 from host host-110 to host host-17
2024/07/26 14:37:28 Time: 14:37:28, Migrated container container-8 from host host-281 to host host-334
2024/07/26 14:37:28 Migrated container container-8 from host host-281 to host host-334
2024/07/26 14:37:28 Time: 14:37:28, Migrated container container-41 from host host-353 to host host-99
2024/07/26 14:37:28 Migrated container container-41 from host host-353 to host host-99
2024/07/26 14:37:28 Time: 14:37:28, Migrated container container-14 from host host-93 to host host-31
2024/07/26 14:37:28 Migrated container container-14 from host host-93 to host host-31
2024/07/26 14:37:28 Time: 14:37:28, Migrated container container-57 from host host-19 to host host-211
2024/07/26 14:37:28 Migrated container container-57 from host host-19 to host host-211
2024/07/26 14:37:28 Time: 14:37:28, Migrated container container-57 from host host-400 to host host-160
2024/07/26 14:37:28 Migrated container container-57 from host host-400 to host host-160
2024/07/26 14:37:57 Final metrics: {CPUUsage:5.466795548674029 MemoryUsage:4.205045980510964 GPUUsage:9.108010046174554 IOUsage:50}
2024/07/26 14:37:57 QoS requirements met.
2024/07/26 14:37:57 RoundRobin simulation complete.
