2024/07/25 12:40:03 Error running orchestrator: unable to allocate resources for container container-3
2024/07/25 13:01:37 Error running orchestrator: unable to allocate resources for container container-3
2024/07/25 13:02:38 Error running orchestrator: unable to allocate resources for container container-3
2024/07/25 13:04:23 Error running orchestrator: unable to allocate resources for container container-3
2024/07/25 13:06:09 Error running orchestrator: unable to allocate resources for container container-3
2024/07/25 13:15:58 Error running orchestrator: unable to allocate resources for container container-3
2024/07/25 13:19:13 Error running orchestrator: unable to allocate resources for container container-3
2024/07/25 13:19:48 Error running orchestrator: unable to allocate resources for container container-3
2024/07/25 13:20:40 Error running orchestrator: unable to allocate resources for container container-3
2024/07/25 13:21:39 Error running orchestrator: unable to allocate resources for container container-3
2024/07/25 13:25:41 Error running orchestrator: unable to allocate resources for container container-3
2024/07/25 13:26:14 Error running orchestrator: unable to allocate resources for container container-3
2024/07/25 18:40:17 Triggering reallocation due to QoS violation
2024/07/25 18:40:18 Triggering reallocation due to QoS violation
2024/07/25 18:40:19 Triggering reallocation due to QoS violation
2024/07/25 18:40:20 Triggering reallocation due to QoS violation
2024/07/25 18:40:21 Triggering reallocation due to QoS violation
2024/07/25 18:40:22 Triggering reallocation due to QoS violation
2024/07/25 18:40:23 Triggering reallocation due to QoS violation
2024/07/25 18:40:24 Triggering reallocation due to QoS violation
2024/07/25 18:40:25 Triggering reallocation due to QoS violation
2024/07/25 18:40:26 Triggering reallocation due to QoS violation
2024/07/25 18:40:27 Triggering reallocation due to QoS violation
2024/07/25 18:40:28 Triggering reallocation due to QoS violation
2024/07/25 18:40:29 Triggering reallocation due to QoS violation
2024/07/25 18:40:30 Triggering reallocation due to QoS violation
2024/07/25 18:40:31 Triggering reallocation due to QoS violation
2024/07/25 18:40:32 Triggering reallocation due to QoS violation
2024/07/25 18:40:33 Triggering reallocation due to QoS violation
2024/07/25 18:40:34 Triggering reallocation due to QoS violation
2024/07/25 18:40:35 Triggering reallocation due to QoS violation
2024/07/25 18:40:36 Triggering reallocation due to QoS violation
2024/07/25 18:40:37 Triggering reallocation due to QoS violation
2024/07/25 18:40:38 Triggering reallocation due to QoS violation
2024/07/25 18:40:39 Triggering reallocation due to QoS violation
2024/07/25 18:40:40 Triggering reallocation due to QoS violation
2024/07/25 18:40:41 Triggering reallocation due to QoS violation
2024/07/25 18:40:42 Triggering reallocation due to QoS violation
2024/07/25 18:40:43 Triggering reallocation due to QoS violation
2024/07/25 18:40:44 Triggering reallocation due to QoS violation
2024/07/25 18:40:45 Triggering reallocation due to QoS violation
2024/07/25 18:40:46 Triggering reallocation due to QoS violation
2024/07/25 18:40:47 Triggering reallocation due to QoS violation
2024/07/25 18:40:48 Triggering reallocation due to QoS violation
2024/07/25 18:40:49 Triggering reallocation due to QoS violation
2024/07/25 18:40:50 Triggering reallocation due to QoS violation
2024/07/25 18:40:51 Triggering reallocation due to QoS violation
2024/07/25 18:40:52 Triggering reallocation due to QoS violation
2024/07/25 18:40:53 Triggering reallocation due to QoS violation
2024/07/25 18:40:54 Triggering reallocation due to QoS violation
2024/07/25 18:40:55 Triggering reallocation due to QoS violation
2024/07/25 18:40:56 Triggering reallocation due to QoS violation
2024/07/25 18:40:57 Triggering reallocation due to QoS violation
2024/07/25 18:40:58 Triggering reallocation due to QoS violation
2024/07/25 18:40:59 Triggering reallocation due to QoS violation
2024/07/25 18:41:00 Triggering reallocation due to QoS violation
2024/07/25 18:41:01 Triggering reallocation due to QoS violation
2024/07/25 18:41:02 Triggering reallocation due to QoS violation
2024/07/25 18:41:03 Triggering reallocation due to QoS violation
2024/07/25 18:41:04 Triggering reallocation due to QoS violation
2024/07/25 18:41:05 Triggering reallocation due to QoS violation
2024/07/25 18:41:06 Triggering reallocation due to QoS violation
2024/07/25 18:41:07 Triggering reallocation due to QoS violation
2024/07/25 18:41:08 Triggering reallocation due to QoS violation
2024/07/25 18:41:09 Triggering reallocation due to QoS violation
2024/07/25 18:41:10 Triggering reallocation due to QoS violation
2024/07/25 18:41:11 Triggering reallocation due to QoS violation
2024/07/25 18:41:12 Triggering reallocation due to QoS violation
2024/07/25 18:41:13 Triggering reallocation due to QoS violation
2024/07/25 18:41:14 Triggering reallocation due to QoS violation
2024/07/25 18:41:15 Triggering reallocation due to QoS violation
2024/07/25 18:41:16 Triggering reallocation due to QoS violation
2024/07/25 18:41:17 Triggering reallocation due to QoS violation
2024/07/25 18:41:18 Triggering reallocation due to QoS violation
2024/07/25 18:41:19 Triggering reallocation due to QoS violation
2024/07/25 18:41:20 Triggering reallocation due to QoS violation
2024/07/25 18:41:21 Triggering reallocation due to QoS violation
2024/07/25 18:41:22 Triggering reallocation due to QoS violation
2024/07/25 18:41:23 Triggering reallocation due to QoS violation
2024/07/25 18:41:24 Triggering reallocation due to QoS violation
2024/07/25 18:41:25 Triggering reallocation due to QoS violation
2024/07/25 18:41:26 Triggering reallocation due to QoS violation
2024/07/25 18:41:27 Triggering reallocation due to QoS violation
2024/07/25 18:41:28 Triggering reallocation due to QoS violation
2024/07/25 18:41:29 Triggering reallocation due to QoS violation
2024/07/25 18:41:30 Triggering reallocation due to QoS violation
2024/07/25 18:41:31 Triggering reallocation due to QoS violation
2024/07/25 18:41:32 Triggering reallocation due to QoS violation
2024/07/25 18:41:33 Triggering reallocation due to QoS violation
2024/07/25 18:41:34 Triggering reallocation due to QoS violation
2024/07/25 18:41:35 Triggering reallocation due to QoS violation
2024/07/25 18:41:36 Triggering reallocation due to QoS violation
2024/07/25 18:41:37 Triggering reallocation due to QoS violation
2024/07/25 18:41:38 Triggering reallocation due to QoS violation
2024/07/25 18:41:39 Triggering reallocation due to QoS violation
2024/07/25 18:41:40 Triggering reallocation due to QoS violation
2024/07/25 18:41:41 Triggering reallocation due to QoS violation
2024/07/25 18:41:42 Triggering reallocation due to QoS violation
2024/07/25 18:41:43 Triggering reallocation due to QoS violation
2024/07/25 18:41:44 Triggering reallocation due to QoS violation
2024/07/25 18:41:45 Triggering reallocation due to QoS violation
2024/07/25 18:41:46 Triggering reallocation due to QoS violation
2024/07/25 18:41:47 Triggering reallocation due to QoS violation
2024/07/25 18:41:48 Triggering reallocation due to QoS violation
2024/07/25 18:41:49 Triggering reallocation due to QoS violation
2024/07/25 18:41:50 Triggering reallocation due to QoS violation
2024/07/25 18:41:51 Triggering reallocation due to QoS violation
2024/07/25 18:41:52 Triggering reallocation due to QoS violation
2024/07/25 18:41:53 Triggering reallocation due to QoS violation
2024/07/25 18:41:54 Triggering reallocation due to QoS violation
2024/07/25 18:41:55 Triggering reallocation due to QoS violation
2024/07/25 18:41:56 Triggering reallocation due to QoS violation
2024/07/25 18:41:57 Triggering reallocation due to QoS violation
2024/07/25 18:41:58 Triggering reallocation due to QoS violation
2024/07/25 18:41:59 Triggering reallocation due to QoS violation
2024/07/25 18:42:00 Triggering reallocation due to QoS violation
2024/07/25 18:42:01 Triggering reallocation due to QoS violation
2024/07/25 18:42:02 Triggering reallocation due to QoS violation
2024/07/25 18:42:03 Triggering reallocation due to QoS violation
2024/07/25 18:42:04 Triggering reallocation due to QoS violation
2024/07/25 18:42:05 Triggering reallocation due to QoS violation
2024/07/25 18:42:06 Triggering reallocation due to QoS violation
2024/07/25 18:42:07 Triggering reallocation due to QoS violation
2024/07/25 18:42:08 Triggering reallocation due to QoS violation
2024/07/25 18:42:09 Triggering reallocation due to QoS violation
2024/07/25 18:42:10 Triggering reallocation due to QoS violation
2024/07/25 18:42:11 Triggering reallocation due to QoS violation
2024/07/25 18:42:12 Triggering reallocation due to QoS violation
2024/07/25 18:42:13 Triggering reallocation due to QoS violation
2024/07/25 18:42:14 Triggering reallocation due to QoS violation
2024/07/25 18:42:15 Triggering reallocation due to QoS violation
2024/07/25 18:42:16 Triggering reallocation due to QoS violation
2024/07/25 18:42:17 Triggering reallocation due to QoS violation
2024/07/25 18:42:18 Triggering reallocation due to QoS violation
2024/07/25 18:42:19 Triggering reallocation due to QoS violation
2024/07/25 18:42:20 Triggering reallocation due to QoS violation
2024/07/25 18:42:21 Triggering reallocation due to QoS violation
2024/07/25 18:42:22 Triggering reallocation due to QoS violation
2024/07/25 18:42:23 Triggering reallocation due to QoS violation
2024/07/25 18:42:24 Triggering reallocation due to QoS violation
2024/07/25 18:42:25 Triggering reallocation due to QoS violation
2024/07/25 18:42:26 Triggering reallocation due to QoS violation
2024/07/25 18:42:27 Triggering reallocation due to QoS violation
2024/07/25 18:42:28 Triggering reallocation due to QoS violation
2024/07/25 18:42:29 Triggering reallocation due to QoS violation
2024/07/25 18:42:30 Triggering reallocation due to QoS violation
2024/07/25 18:42:31 Triggering reallocation due to QoS violation
2024/07/25 18:42:32 Triggering reallocation due to QoS violation
2024/07/25 18:42:33 Triggering reallocation due to QoS violation
2024/07/25 18:42:34 Triggering reallocation due to QoS violation
2024/07/25 18:42:35 Triggering reallocation due to QoS violation
2024/07/25 18:42:36 Triggering reallocation due to QoS violation
2024/07/25 18:42:37 Triggering reallocation due to QoS violation
2024/07/25 18:42:38 Triggering reallocation due to QoS violation
2024/07/25 18:42:39 Triggering reallocation due to QoS violation
2024/07/25 18:42:40 Triggering reallocation due to QoS violation
2024/07/25 18:42:41 Triggering reallocation due to QoS violation
2024/07/25 18:42:42 Triggering reallocation due to QoS violation
2024/07/25 18:42:43 Triggering reallocation due to QoS violation
2024/07/25 18:42:44 Triggering reallocation due to QoS violation
2024/07/25 18:42:45 Triggering reallocation due to QoS violation
2024/07/25 18:42:46 Triggering reallocation due to QoS violation
2024/07/25 18:42:47 Triggering reallocation due to QoS violation
2024/07/25 18:42:48 Triggering reallocation due to QoS violation
2024/07/25 18:42:49 Triggering reallocation due to QoS violation
2024/07/25 18:42:50 Triggering reallocation due to QoS violation
2024/07/25 18:42:51 Triggering reallocation due to QoS violation
2024/07/25 18:42:52 Triggering reallocation due to QoS violation
2024/07/25 18:42:53 Triggering reallocation due to QoS violation
2024/07/25 18:42:54 Triggering reallocation due to QoS violation
2024/07/25 18:42:55 Triggering reallocation due to QoS violation
2024/07/25 18:42:56 Triggering reallocation due to QoS violation
2024/07/25 18:42:57 Triggering reallocation due to QoS violation
2024/07/25 18:42:58 Triggering reallocation due to QoS violation
2024/07/25 18:42:59 Triggering reallocation due to QoS violation
2024/07/25 18:43:00 Triggering reallocation due to QoS violation
2024/07/25 18:43:01 Triggering reallocation due to QoS violation
2024/07/25 18:43:02 Triggering reallocation due to QoS violation
2024/07/25 18:43:03 Triggering reallocation due to QoS violation
2024/07/25 18:43:04 Triggering reallocation due to QoS violation
2024/07/25 18:43:05 Triggering reallocation due to QoS violation
2024/07/25 18:43:06 Triggering reallocation due to QoS violation
2024/07/25 18:43:07 Triggering reallocation due to QoS violation
2024/07/25 18:43:08 Triggering reallocation due to QoS violation
2024/07/25 18:43:09 Triggering reallocation due to QoS violation
2024/07/25 18:43:10 Triggering reallocation due to QoS violation
2024/07/25 18:43:11 Triggering reallocation due to QoS violation
2024/07/25 18:43:12 Triggering reallocation due to QoS violation
2024/07/25 18:43:13 Triggering reallocation due to QoS violation
2024/07/25 18:43:14 Triggering reallocation due to QoS violation
2024/07/25 18:43:15 Triggering reallocation due to QoS violation
2024/07/25 18:43:16 Triggering reallocation due to QoS violation
2024/07/25 18:43:17 Triggering reallocation due to QoS violation
2024/07/25 18:43:18 Triggering reallocation due to QoS violation
2024/07/25 18:43:19 Triggering reallocation due to QoS violation
2024/07/25 18:43:20 Triggering reallocation due to QoS violation
2024/07/25 18:43:21 Triggering reallocation due to QoS violation
2024/07/25 18:43:22 Triggering reallocation due to QoS violation
2024/07/25 18:43:23 Triggering reallocation due to QoS violation
2024/07/25 18:43:24 Triggering reallocation due to QoS violation
2024/07/25 18:43:25 Triggering reallocation due to QoS violation
2024/07/25 18:43:26 Triggering reallocation due to QoS violation
2024/07/25 18:43:27 Triggering reallocation due to QoS violation
2024/07/25 18:43:28 Triggering reallocation due to QoS violation
2024/07/25 18:43:29 Triggering reallocation due to QoS violation
2024/07/25 18:43:30 Triggering reallocation due to QoS violation
2024/07/25 18:43:31 Triggering reallocation due to QoS violation
2024/07/25 18:43:32 Triggering reallocation due to QoS violation
2024/07/25 18:43:33 Triggering reallocation due to QoS violation
2024/07/25 18:43:34 Triggering reallocation due to QoS violation
2024/07/25 18:43:35 Triggering reallocation due to QoS violation
2024/07/25 18:43:36 Triggering reallocation due to QoS violation
2024/07/25 18:43:37 Triggering reallocation due to QoS violation
2024/07/25 18:43:38 Triggering reallocation due to QoS violation
2024/07/25 18:43:39 Triggering reallocation due to QoS violation
2024/07/25 18:43:40 Triggering reallocation due to QoS violation
2024/07/25 18:43:41 Triggering reallocation due to QoS violation
2024/07/25 18:43:42 Triggering reallocation due to QoS violation
2024/07/25 18:43:43 Triggering reallocation due to QoS violation
2024/07/25 18:43:44 Triggering reallocation due to QoS violation
2024/07/25 18:43:45 Triggering reallocation due to QoS violation
2024/07/25 18:43:46 Triggering reallocation due to QoS violation
2024/07/25 18:43:47 Triggering reallocation due to QoS violation
2024/07/25 18:43:48 Triggering reallocation due to QoS violation
2024/07/25 18:43:49 Triggering reallocation due to QoS violation
2024/07/25 18:43:50 Triggering reallocation due to QoS violation
2024/07/25 18:43:51 Triggering reallocation due to QoS violation
2024/07/25 18:43:52 Triggering reallocation due to QoS violation
2024/07/25 18:43:53 Triggering reallocation due to QoS violation
2024/07/25 18:43:54 Triggering reallocation due to QoS violation
2024/07/25 18:43:55 Triggering reallocation due to QoS violation
2024/07/25 18:43:56 Triggering reallocation due to QoS violation
2024/07/25 18:43:57 Triggering reallocation due to QoS violation
2024/07/25 18:43:58 Triggering reallocation due to QoS violation
2024/07/25 18:43:59 Triggering reallocation due to QoS violation
2024/07/25 18:44:00 Triggering reallocation due to QoS violation
2024/07/25 18:44:01 Triggering reallocation due to QoS violation
2024/07/25 18:44:02 Triggering reallocation due to QoS violation
2024/07/25 18:44:03 Triggering reallocation due to QoS violation
2024/07/25 18:44:04 Triggering reallocation due to QoS violation
2024/07/25 18:44:05 Triggering reallocation due to QoS violation
2024/07/25 18:44:06 Triggering reallocation due to QoS violation
2024/07/25 18:44:07 Triggering reallocation due to QoS violation
2024/07/25 18:44:08 Triggering reallocation due to QoS violation
2024/07/25 18:44:09 Triggering reallocation due to QoS violation
2024/07/25 18:44:10 Triggering reallocation due to QoS violation
2024/07/25 18:44:11 Triggering reallocation due to QoS violation
2024/07/25 18:44:12 Triggering reallocation due to QoS violation
2024/07/25 18:44:13 Triggering reallocation due to QoS violation
2024/07/25 18:44:14 Triggering reallocation due to QoS violation
2024/07/25 18:44:15 Triggering reallocation due to QoS violation
2024/07/25 18:44:16 Triggering reallocation due to QoS violation
2024/07/25 18:44:17 Triggering reallocation due to QoS violation
2024/07/25 18:44:18 Triggering reallocation due to QoS violation
2024/07/25 18:44:19 Triggering reallocation due to QoS violation
2024/07/25 18:44:20 Triggering reallocation due to QoS violation
2024/07/25 18:44:21 Triggering reallocation due to QoS violation
2024/07/25 18:44:22 Triggering reallocation due to QoS violation
2024/07/25 18:44:23 Triggering reallocation due to QoS violation
2024/07/25 18:44:24 Triggering reallocation due to QoS violation
2024/07/25 18:44:25 Triggering reallocation due to QoS violation
2024/07/25 18:44:26 Triggering reallocation due to QoS violation
2024/07/25 18:44:27 Triggering reallocation due to QoS violation
2024/07/25 18:44:28 Triggering reallocation due to QoS violation
2024/07/25 18:44:29 Triggering reallocation due to QoS violation
2024/07/25 18:44:30 Triggering reallocation due to QoS violation
2024/07/25 18:44:31 Triggering reallocation due to QoS violation
2024/07/25 18:44:32 Triggering reallocation due to QoS violation
2024/07/25 18:44:33 Triggering reallocation due to QoS violation
2024/07/25 18:44:34 Triggering reallocation due to QoS violation
2024/07/25 18:44:35 Triggering reallocation due to QoS violation
2024/07/25 18:44:36 Triggering reallocation due to QoS violation
2024/07/25 18:44:37 Triggering reallocation due to QoS violation
2024/07/25 18:44:38 Triggering reallocation due to QoS violation
2024/07/25 18:44:39 Triggering reallocation due to QoS violation
2024/07/25 18:44:40 Triggering reallocation due to QoS violation
2024/07/25 18:44:41 Triggering reallocation due to QoS violation
2024/07/25 18:44:42 Triggering reallocation due to QoS violation
2024/07/25 18:44:43 Triggering reallocation due to QoS violation
2024/07/25 18:44:44 Triggering reallocation due to QoS violation
2024/07/25 18:44:45 Triggering reallocation due to QoS violation
2024/07/25 18:44:46 Triggering reallocation due to QoS violation
2024/07/25 18:44:47 Triggering reallocation due to QoS violation
2024/07/25 18:44:48 Triggering reallocation due to QoS violation
2024/07/25 18:44:49 Triggering reallocation due to QoS violation
2024/07/25 18:44:50 Triggering reallocation due to QoS violation
2024/07/25 18:44:51 Triggering reallocation due to QoS violation
2024/07/25 18:44:52 Triggering reallocation due to QoS violation
2024/07/25 18:44:53 Triggering reallocation due to QoS violation
2024/07/25 18:44:54 Triggering reallocation due to QoS violation
2024/07/25 18:44:55 Triggering reallocation due to QoS violation
2024/07/25 18:44:56 Triggering reallocation due to QoS violation
2024/07/25 18:44:57 Triggering reallocation due to QoS violation
2024/07/25 18:44:58 Triggering reallocation due to QoS violation
2024/07/25 18:44:59 Triggering reallocation due to QoS violation
2024/07/25 18:45:00 Triggering reallocation due to QoS violation
2024/07/25 18:45:01 Triggering reallocation due to QoS violation
2024/07/25 18:45:02 Triggering reallocation due to QoS violation
2024/07/25 18:45:03 Triggering reallocation due to QoS violation
2024/07/25 18:45:04 Triggering reallocation due to QoS violation
2024/07/25 18:45:05 Triggering reallocation due to QoS violation
2024/07/25 18:45:06 Triggering reallocation due to QoS violation
2024/07/25 18:45:07 Triggering reallocation due to QoS violation
2024/07/25 18:45:08 Triggering reallocation due to QoS violation
2024/07/25 18:45:09 Triggering reallocation due to QoS violation
2024/07/25 18:45:10 Triggering reallocation due to QoS violation
2024/07/25 18:45:11 Triggering reallocation due to QoS violation
2024/07/25 18:45:12 Triggering reallocation due to QoS violation
2024/07/25 18:45:13 Triggering reallocation due to QoS violation
2024/07/25 18:45:14 Triggering reallocation due to QoS violation
2024/07/25 18:45:46 Workload changed. Triggering reallocation...
2024/07/25 18:45:46 Triggering reallocation due to QoS violation
2024/07/25 18:46:16 Workload changed. Triggering reallocation...
2024/07/25 18:46:16 Triggering reallocation due to QoS violation
2024/07/25 18:46:46 Workload changed. Triggering reallocation...
2024/07/25 18:46:46 Triggering reallocation due to QoS violation
2024/07/25 18:47:16 Workload changed. Triggering reallocation...
2024/07/25 18:47:16 Triggering reallocation due to QoS violation
2024/07/25 18:47:46 Workload changed. Triggering reallocation...
2024/07/25 18:47:46 Triggering reallocation due to QoS violation
2024/07/25 18:48:16 Workload changed. Triggering reallocation...
2024/07/25 18:48:16 Triggering reallocation due to QoS violation
2024/07/25 18:48:45 Workload changed. Triggering reallocation...
2024/07/25 18:48:45 Triggering reallocation due to QoS violation
2024/07/25 18:49:16 Workload changed. Triggering reallocation...
2024/07/25 18:49:16 Triggering reallocation due to QoS violation
2024/07/25 18:49:46 Workload changed. Triggering reallocation...
2024/07/25 18:49:46 Triggering reallocation due to QoS violation
2024/07/25 18:50:15 Final metrics: {CPUUsage:25.064843749999998 MemoryUsage:33.22334289550781 GPUUsage:150 IOUsage:50}
2024/07/25 18:50:15 QoS requirements not met.
2024/07/25 19:00:14 Triggering reallocation due to QoS violation
2024/07/25 19:00:15 Triggering reallocation due to QoS violation
2024/07/25 19:00:16 Triggering reallocation due to QoS violation
2024/07/25 19:00:17 Triggering reallocation due to QoS violation
2024/07/25 19:00:18 Triggering reallocation due to QoS violation
2024/07/25 19:00:19 Triggering reallocation due to QoS violation
2024/07/25 19:00:20 Triggering reallocation due to QoS violation
2024/07/25 19:00:21 Triggering reallocation due to QoS violation
2024/07/25 19:00:22 Triggering reallocation due to QoS violation
2024/07/25 19:00:23 Triggering reallocation due to QoS violation
2024/07/25 19:00:24 Triggering reallocation due to QoS violation
2024/07/25 19:00:25 Triggering reallocation due to QoS violation
2024/07/25 19:00:26 Triggering reallocation due to QoS violation
2024/07/25 19:00:27 Triggering reallocation due to QoS violation
2024/07/25 19:00:28 Triggering reallocation due to QoS violation
2024/07/25 19:00:29 Triggering reallocation due to QoS violation
2024/07/25 19:00:30 Triggering reallocation due to QoS violation
2024/07/25 19:00:31 Triggering reallocation due to QoS violation
2024/07/25 19:00:32 Triggering reallocation due to QoS violation
2024/07/25 19:00:33 Triggering reallocation due to QoS violation
2024/07/25 19:00:34 Triggering reallocation due to QoS violation
2024/07/25 19:00:35 Triggering reallocation due to QoS violation
2024/07/25 19:00:36 Triggering reallocation due to QoS violation
2024/07/25 19:00:37 Triggering reallocation due to QoS violation
2024/07/25 19:00:38 Triggering reallocation due to QoS violation
2024/07/25 19:00:39 Triggering reallocation due to QoS violation
2024/07/25 19:00:40 Triggering reallocation due to QoS violation
2024/07/25 19:00:41 Triggering reallocation due to QoS violation
2024/07/25 19:00:42 Triggering reallocation due to QoS violation
2024/07/25 19:00:43 Triggering reallocation due to QoS violation
2024/07/25 19:00:44 Triggering reallocation due to QoS violation
2024/07/25 19:00:45 Triggering reallocation due to QoS violation
2024/07/25 19:00:46 Triggering reallocation due to QoS violation
2024/07/25 19:00:47 Triggering reallocation due to QoS violation
2024/07/25 19:00:48 Triggering reallocation due to QoS violation
2024/07/25 19:00:49 Triggering reallocation due to QoS violation
2024/07/25 19:00:50 Triggering reallocation due to QoS violation
2024/07/25 19:00:51 Triggering reallocation due to QoS violation
2024/07/25 19:00:52 Triggering reallocation due to QoS violation
2024/07/25 19:00:53 Triggering reallocation due to QoS violation
2024/07/25 19:00:54 Triggering reallocation due to QoS violation
2024/07/25 19:00:55 Triggering reallocation due to QoS violation
2024/07/25 19:00:56 Triggering reallocation due to QoS violation
2024/07/25 19:00:57 Triggering reallocation due to QoS violation
2024/07/25 19:00:58 Triggering reallocation due to QoS violation
2024/07/25 19:00:59 Triggering reallocation due to QoS violation
2024/07/25 19:01:00 Triggering reallocation due to QoS violation
2024/07/25 19:01:01 Triggering reallocation due to QoS violation
2024/07/25 19:01:02 Triggering reallocation due to QoS violation
2024/07/25 19:01:03 Triggering reallocation due to QoS violation
2024/07/25 19:01:04 Triggering reallocation due to QoS violation
2024/07/25 19:01:05 Triggering reallocation due to QoS violation
2024/07/25 19:01:06 Triggering reallocation due to QoS violation
2024/07/25 19:01:07 Triggering reallocation due to QoS violation
2024/07/25 19:01:08 Triggering reallocation due to QoS violation
2024/07/25 19:01:09 Triggering reallocation due to QoS violation
2024/07/25 19:01:10 Triggering reallocation due to QoS violation
2024/07/25 19:01:11 Triggering reallocation due to QoS violation
2024/07/25 19:01:12 Triggering reallocation due to QoS violation
2024/07/25 19:01:13 Triggering reallocation due to QoS violation
2024/07/25 19:01:14 Triggering reallocation due to QoS violation
2024/07/25 19:01:15 Triggering reallocation due to QoS violation
2024/07/25 19:01:16 Triggering reallocation due to QoS violation
2024/07/25 19:01:17 Triggering reallocation due to QoS violation
2024/07/25 19:01:18 Triggering reallocation due to QoS violation
2024/07/25 19:01:19 Triggering reallocation due to QoS violation
2024/07/25 19:01:20 Triggering reallocation due to QoS violation
2024/07/25 19:01:21 Triggering reallocation due to QoS violation
2024/07/25 19:01:22 Triggering reallocation due to QoS violation
2024/07/25 19:01:23 Triggering reallocation due to QoS violation
2024/07/25 19:01:24 Triggering reallocation due to QoS violation
2024/07/25 19:01:25 Triggering reallocation due to QoS violation
2024/07/25 19:01:26 Triggering reallocation due to QoS violation
2024/07/25 19:01:27 Triggering reallocation due to QoS violation
2024/07/25 19:01:28 Triggering reallocation due to QoS violation
2024/07/25 19:01:29 Triggering reallocation due to QoS violation
2024/07/25 19:01:30 Triggering reallocation due to QoS violation
2024/07/25 19:01:31 Triggering reallocation due to QoS violation
2024/07/25 19:01:32 Triggering reallocation due to QoS violation
2024/07/25 19:01:33 Triggering reallocation due to QoS violation
2024/07/25 19:01:34 Triggering reallocation due to QoS violation
2024/07/25 19:01:35 Triggering reallocation due to QoS violation
2024/07/25 19:01:36 Triggering reallocation due to QoS violation
2024/07/25 19:01:37 Triggering reallocation due to QoS violation
2024/07/25 19:01:38 Triggering reallocation due to QoS violation
2024/07/25 19:01:39 Triggering reallocation due to QoS violation
2024/07/25 19:01:40 Triggering reallocation due to QoS violation
2024/07/25 19:01:41 Triggering reallocation due to QoS violation
2024/07/25 19:01:42 Triggering reallocation due to QoS violation
2024/07/25 19:01:43 Triggering reallocation due to QoS violation
2024/07/25 19:01:44 Triggering reallocation due to QoS violation
2024/07/25 19:01:45 Triggering reallocation due to QoS violation
2024/07/25 19:01:46 Triggering reallocation due to QoS violation
2024/07/25 19:01:47 Triggering reallocation due to QoS violation
2024/07/25 19:01:48 Triggering reallocation due to QoS violation
2024/07/25 19:01:49 Triggering reallocation due to QoS violation
2024/07/25 19:01:50 Triggering reallocation due to QoS violation
2024/07/25 19:01:51 Triggering reallocation due to QoS violation
2024/07/25 19:01:52 Triggering reallocation due to QoS violation
2024/07/25 19:01:53 Triggering reallocation due to QoS violation
2024/07/25 19:01:54 Triggering reallocation due to QoS violation
2024/07/25 19:01:55 Triggering reallocation due to QoS violation
2024/07/25 19:01:56 Triggering reallocation due to QoS violation
2024/07/25 19:01:57 Triggering reallocation due to QoS violation
2024/07/25 19:01:58 Triggering reallocation due to QoS violation
2024/07/25 19:01:59 Triggering reallocation due to QoS violation
2024/07/25 19:02:00 Triggering reallocation due to QoS violation
2024/07/25 19:02:01 Triggering reallocation due to QoS violation
2024/07/25 19:02:02 Triggering reallocation due to QoS violation
2024/07/25 19:02:03 Triggering reallocation due to QoS violation
2024/07/25 19:02:04 Triggering reallocation due to QoS violation
2024/07/25 19:02:05 Triggering reallocation due to QoS violation
2024/07/25 19:02:06 Triggering reallocation due to QoS violation
2024/07/25 19:02:07 Triggering reallocation due to QoS violation
2024/07/25 19:02:08 Triggering reallocation due to QoS violation
2024/07/25 19:02:09 Triggering reallocation due to QoS violation
2024/07/25 19:02:10 Triggering reallocation due to QoS violation
2024/07/25 19:02:11 Triggering reallocation due to QoS violation
2024/07/25 19:02:12 Triggering reallocation due to QoS violation
2024/07/25 19:02:13 Triggering reallocation due to QoS violation
2024/07/25 19:02:14 Triggering reallocation due to QoS violation
2024/07/25 19:02:15 Triggering reallocation due to QoS violation
2024/07/25 19:02:16 Triggering reallocation due to QoS violation
2024/07/25 19:02:17 Triggering reallocation due to QoS violation
2024/07/25 19:02:18 Triggering reallocation due to QoS violation
2024/07/25 19:02:19 Triggering reallocation due to QoS violation
2024/07/25 19:02:20 Triggering reallocation due to QoS violation
2024/07/25 19:02:21 Triggering reallocation due to QoS violation
2024/07/25 19:02:22 Triggering reallocation due to QoS violation
2024/07/25 19:02:23 Triggering reallocation due to QoS violation
2024/07/25 19:02:24 Triggering reallocation due to QoS violation
2024/07/25 19:02:25 Triggering reallocation due to QoS violation
2024/07/25 19:02:26 Triggering reallocation due to QoS violation
2024/07/25 19:02:27 Triggering reallocation due to QoS violation
2024/07/25 19:02:28 Triggering reallocation due to QoS violation
2024/07/25 19:02:29 Triggering reallocation due to QoS violation
2024/07/25 19:02:30 Triggering reallocation due to QoS violation
2024/07/25 19:02:31 Triggering reallocation due to QoS violation
2024/07/25 19:02:32 Triggering reallocation due to QoS violation
2024/07/25 19:02:33 Triggering reallocation due to QoS violation
2024/07/25 19:02:34 Triggering reallocation due to QoS violation
2024/07/25 19:02:35 Triggering reallocation due to QoS violation
2024/07/25 19:02:36 Triggering reallocation due to QoS violation
2024/07/25 19:02:37 Triggering reallocation due to QoS violation
2024/07/25 19:02:38 Triggering reallocation due to QoS violation
2024/07/25 19:02:39 Triggering reallocation due to QoS violation
2024/07/25 19:02:40 Triggering reallocation due to QoS violation
2024/07/25 19:02:41 Triggering reallocation due to QoS violation
2024/07/25 19:02:42 Triggering reallocation due to QoS violation
2024/07/25 19:02:43 Triggering reallocation due to QoS violation
2024/07/25 19:02:44 Triggering reallocation due to QoS violation
2024/07/25 19:02:45 Triggering reallocation due to QoS violation
2024/07/25 19:02:46 Triggering reallocation due to QoS violation
2024/07/25 19:02:47 Triggering reallocation due to QoS violation
2024/07/25 19:02:48 Triggering reallocation due to QoS violation
2024/07/25 19:02:49 Triggering reallocation due to QoS violation
2024/07/25 19:02:50 Triggering reallocation due to QoS violation
2024/07/25 19:02:51 Triggering reallocation due to QoS violation
2024/07/25 19:02:52 Triggering reallocation due to QoS violation
2024/07/25 19:02:53 Triggering reallocation due to QoS violation
2024/07/25 19:02:54 Triggering reallocation due to QoS violation
2024/07/25 19:02:55 Triggering reallocation due to QoS violation
2024/07/25 19:02:56 Triggering reallocation due to QoS violation
2024/07/25 19:02:57 Triggering reallocation due to QoS violation
2024/07/25 19:02:58 Triggering reallocation due to QoS violation
2024/07/25 19:02:59 Triggering reallocation due to QoS violation
2024/07/25 19:03:00 Triggering reallocation due to QoS violation
2024/07/25 19:03:01 Triggering reallocation due to QoS violation
2024/07/25 19:03:02 Triggering reallocation due to QoS violation
2024/07/25 19:03:03 Triggering reallocation due to QoS violation
2024/07/25 19:03:04 Triggering reallocation due to QoS violation
2024/07/25 19:03:05 Triggering reallocation due to QoS violation
2024/07/25 19:03:06 Triggering reallocation due to QoS violation
2024/07/25 19:03:07 Triggering reallocation due to QoS violation
2024/07/25 19:03:08 Triggering reallocation due to QoS violation
2024/07/25 19:03:09 Triggering reallocation due to QoS violation
2024/07/25 19:03:10 Triggering reallocation due to QoS violation
2024/07/25 19:03:11 Triggering reallocation due to QoS violation
2024/07/25 19:03:12 Triggering reallocation due to QoS violation
2024/07/25 19:03:13 Triggering reallocation due to QoS violation
2024/07/25 19:03:14 Triggering reallocation due to QoS violation
2024/07/25 19:03:15 Triggering reallocation due to QoS violation
2024/07/25 19:03:16 Triggering reallocation due to QoS violation
2024/07/25 19:03:17 Triggering reallocation due to QoS violation
2024/07/25 19:03:18 Triggering reallocation due to QoS violation
2024/07/25 19:03:19 Triggering reallocation due to QoS violation
2024/07/25 19:03:20 Triggering reallocation due to QoS violation
2024/07/25 19:03:21 Triggering reallocation due to QoS violation
2024/07/25 19:03:22 Triggering reallocation due to QoS violation
2024/07/25 19:03:23 Triggering reallocation due to QoS violation
2024/07/25 19:03:24 Triggering reallocation due to QoS violation
2024/07/25 19:03:25 Triggering reallocation due to QoS violation
2024/07/25 19:03:26 Triggering reallocation due to QoS violation
2024/07/25 19:03:27 Triggering reallocation due to QoS violation
2024/07/25 19:03:28 Triggering reallocation due to QoS violation
2024/07/25 19:03:29 Triggering reallocation due to QoS violation
2024/07/25 19:03:30 Triggering reallocation due to QoS violation
2024/07/25 19:03:31 Triggering reallocation due to QoS violation
2024/07/25 19:03:32 Triggering reallocation due to QoS violation
2024/07/25 19:03:33 Triggering reallocation due to QoS violation
2024/07/25 19:03:34 Triggering reallocation due to QoS violation
2024/07/25 19:03:35 Triggering reallocation due to QoS violation
2024/07/25 19:03:36 Triggering reallocation due to QoS violation
2024/07/25 19:03:37 Triggering reallocation due to QoS violation
2024/07/25 19:03:38 Triggering reallocation due to QoS violation
2024/07/25 19:03:39 Triggering reallocation due to QoS violation
2024/07/25 19:03:40 Triggering reallocation due to QoS violation
2024/07/25 19:03:41 Triggering reallocation due to QoS violation
2024/07/25 19:03:42 Triggering reallocation due to QoS violation
2024/07/25 19:03:43 Triggering reallocation due to QoS violation
2024/07/25 19:03:44 Triggering reallocation due to QoS violation
2024/07/25 19:03:45 Triggering reallocation due to QoS violation
2024/07/25 19:03:46 Triggering reallocation due to QoS violation
2024/07/25 19:03:47 Triggering reallocation due to QoS violation
2024/07/25 19:03:48 Triggering reallocation due to QoS violation
2024/07/25 19:03:49 Triggering reallocation due to QoS violation
2024/07/25 19:03:50 Triggering reallocation due to QoS violation
2024/07/25 19:03:51 Triggering reallocation due to QoS violation
2024/07/25 19:03:52 Triggering reallocation due to QoS violation
2024/07/25 19:03:53 Triggering reallocation due to QoS violation
2024/07/25 19:03:54 Triggering reallocation due to QoS violation
2024/07/25 19:03:55 Triggering reallocation due to QoS violation
2024/07/25 19:03:56 Triggering reallocation due to QoS violation
2024/07/25 19:03:57 Triggering reallocation due to QoS violation
2024/07/25 19:03:58 Triggering reallocation due to QoS violation
2024/07/25 19:03:59 Triggering reallocation due to QoS violation
2024/07/25 19:04:00 Triggering reallocation due to QoS violation
2024/07/25 19:04:01 Triggering reallocation due to QoS violation
2024/07/25 19:04:02 Triggering reallocation due to QoS violation
2024/07/25 19:04:03 Triggering reallocation due to QoS violation
2024/07/25 19:04:04 Triggering reallocation due to QoS violation
2024/07/25 19:04:05 Triggering reallocation due to QoS violation
2024/07/25 19:04:06 Triggering reallocation due to QoS violation
2024/07/25 19:04:07 Triggering reallocation due to QoS violation
2024/07/25 19:04:08 Triggering reallocation due to QoS violation
2024/07/25 19:04:09 Triggering reallocation due to QoS violation
2024/07/25 19:04:10 Triggering reallocation due to QoS violation
2024/07/25 19:04:11 Triggering reallocation due to QoS violation
2024/07/25 19:04:12 Triggering reallocation due to QoS violation
2024/07/25 19:04:13 Triggering reallocation due to QoS violation
2024/07/25 19:04:14 Triggering reallocation due to QoS violation
2024/07/25 19:04:15 Triggering reallocation due to QoS violation
2024/07/25 19:04:16 Triggering reallocation due to QoS violation
2024/07/25 19:04:17 Triggering reallocation due to QoS violation
2024/07/25 19:04:18 Triggering reallocation due to QoS violation
2024/07/25 19:04:19 Triggering reallocation due to QoS violation
2024/07/25 19:04:20 Triggering reallocation due to QoS violation
2024/07/25 19:04:21 Triggering reallocation due to QoS violation
2024/07/25 19:04:22 Triggering reallocation due to QoS violation
2024/07/25 19:04:23 Triggering reallocation due to QoS violation
2024/07/25 19:04:24 Triggering reallocation due to QoS violation
2024/07/25 19:04:25 Triggering reallocation due to QoS violation
2024/07/25 19:04:26 Triggering reallocation due to QoS violation
2024/07/25 19:04:27 Triggering reallocation due to QoS violation
2024/07/25 19:04:28 Triggering reallocation due to QoS violation
2024/07/25 19:04:29 Triggering reallocation due to QoS violation
2024/07/25 19:04:30 Triggering reallocation due to QoS violation
2024/07/25 19:04:31 Triggering reallocation due to QoS violation
2024/07/25 19:04:32 Triggering reallocation due to QoS violation
2024/07/25 19:04:33 Triggering reallocation due to QoS violation
2024/07/25 19:04:34 Triggering reallocation due to QoS violation
2024/07/25 19:04:35 Triggering reallocation due to QoS violation
2024/07/25 19:04:36 Triggering reallocation due to QoS violation
2024/07/25 19:04:37 Triggering reallocation due to QoS violation
2024/07/25 19:04:38 Triggering reallocation due to QoS violation
2024/07/25 19:04:39 Triggering reallocation due to QoS violation
2024/07/25 19:04:40 Triggering reallocation due to QoS violation
2024/07/25 19:04:41 Triggering reallocation due to QoS violation
2024/07/25 19:04:42 Triggering reallocation due to QoS violation
2024/07/25 19:04:43 Triggering reallocation due to QoS violation
2024/07/25 19:04:44 Triggering reallocation due to QoS violation
2024/07/25 19:04:45 Triggering reallocation due to QoS violation
2024/07/25 19:04:46 Triggering reallocation due to QoS violation
2024/07/25 19:04:47 Triggering reallocation due to QoS violation
2024/07/25 19:04:48 Triggering reallocation due to QoS violation
2024/07/25 19:04:49 Triggering reallocation due to QoS violation
2024/07/25 19:04:50 Triggering reallocation due to QoS violation
2024/07/25 19:04:51 Triggering reallocation due to QoS violation
2024/07/25 19:04:52 Triggering reallocation due to QoS violation
2024/07/25 19:04:53 Triggering reallocation due to QoS violation
2024/07/25 19:04:54 Triggering reallocation due to QoS violation
2024/07/25 19:04:55 Triggering reallocation due to QoS violation
2024/07/25 19:04:56 Triggering reallocation due to QoS violation
2024/07/25 19:04:57 Triggering reallocation due to QoS violation
2024/07/25 19:04:58 Triggering reallocation due to QoS violation
2024/07/25 19:04:59 Triggering reallocation due to QoS violation
2024/07/25 19:05:00 Triggering reallocation due to QoS violation
2024/07/25 19:05:01 Triggering reallocation due to QoS violation
2024/07/25 19:05:02 Triggering reallocation due to QoS violation
2024/07/25 19:05:03 Triggering reallocation due to QoS violation
2024/07/25 19:05:04 Triggering reallocation due to QoS violation
2024/07/25 19:05:05 Triggering reallocation due to QoS violation
2024/07/25 19:05:06 Triggering reallocation due to QoS violation
2024/07/25 19:05:07 Triggering reallocation due to QoS violation
2024/07/25 19:05:08 Triggering reallocation due to QoS violation
2024/07/25 19:05:09 Triggering reallocation due to QoS violation
2024/07/25 19:05:10 Triggering reallocation due to QoS violation
2024/07/25 19:05:11 Triggering reallocation due to QoS violation
2024/07/25 19:05:42 Workload changed. Triggering reallocation...
2024/07/25 19:05:42 Triggering reallocation due to QoS violation
2024/07/25 19:06:12 Workload changed. Triggering reallocation...
2024/07/25 19:06:12 Triggering reallocation due to QoS violation
2024/07/25 19:06:42 Workload changed. Triggering reallocation...
2024/07/25 19:06:42 Triggering reallocation due to QoS violation
2024/07/25 19:07:12 Workload changed. Triggering reallocation...
2024/07/25 19:07:12 Triggering reallocation due to QoS violation
2024/07/25 19:07:42 Workload changed. Triggering reallocation...
2024/07/25 19:07:42 Triggering reallocation due to QoS violation
2024/07/25 19:08:12 Workload changed. Triggering reallocation...
2024/07/25 19:08:12 Triggering reallocation due to QoS violation
2024/07/25 19:08:42 Workload changed. Triggering reallocation...
2024/07/25 19:08:42 Triggering reallocation due to QoS violation
2024/07/25 19:09:12 Workload changed. Triggering reallocation...
2024/07/25 19:09:12 Triggering reallocation due to QoS violation
2024/07/25 19:09:42 Workload changed. Triggering reallocation...
2024/07/25 19:09:42 Triggering reallocation due to QoS violation
2024/07/25 19:10:12 Final metrics: {CPUUsage:23.74453125 MemoryUsage:16.759109497070312 GPUUsage:150 IOUsage:50}
2024/07/25 19:10:12 QoS requirements not met.
2024/07/25 19:17:19 Triggering reallocation due to QoS violation
2024/07/25 19:17:20 Triggering reallocation due to QoS violation
2024/07/25 19:17:21 Triggering reallocation due to QoS violation
2024/07/25 19:17:22 Triggering reallocation due to QoS violation
2024/07/25 19:17:23 Triggering reallocation due to QoS violation
2024/07/25 19:17:24 Triggering reallocation due to QoS violation
2024/07/25 19:17:25 Triggering reallocation due to QoS violation
2024/07/25 19:17:26 Triggering reallocation due to QoS violation
2024/07/25 19:17:27 Triggering reallocation due to QoS violation
2024/07/25 19:17:28 Triggering reallocation due to QoS violation
2024/07/25 19:17:29 Triggering reallocation due to QoS violation
2024/07/25 19:17:30 Triggering reallocation due to QoS violation
2024/07/25 19:17:31 Triggering reallocation due to QoS violation
2024/07/25 19:17:32 Triggering reallocation due to QoS violation
2024/07/25 19:17:33 Triggering reallocation due to QoS violation
2024/07/25 19:17:34 Triggering reallocation due to QoS violation
2024/07/25 19:17:35 Triggering reallocation due to QoS violation
2024/07/25 19:17:36 Triggering reallocation due to QoS violation
2024/07/25 19:17:37 Triggering reallocation due to QoS violation
2024/07/25 19:17:38 Triggering reallocation due to QoS violation
2024/07/25 19:17:39 Triggering reallocation due to QoS violation
2024/07/25 19:17:40 Triggering reallocation due to QoS violation
2024/07/25 19:17:41 Triggering reallocation due to QoS violation
2024/07/25 19:17:42 Triggering reallocation due to QoS violation
2024/07/25 19:17:43 Triggering reallocation due to QoS violation
2024/07/25 19:17:44 Triggering reallocation due to QoS violation
2024/07/25 19:17:45 Triggering reallocation due to QoS violation
2024/07/25 19:17:46 Triggering reallocation due to QoS violation
2024/07/25 19:17:47 Triggering reallocation due to QoS violation
2024/07/25 19:17:48 Triggering reallocation due to QoS violation
2024/07/25 19:17:49 Triggering reallocation due to QoS violation
2024/07/25 19:17:50 Triggering reallocation due to QoS violation
2024/07/25 19:17:51 Triggering reallocation due to QoS violation
2024/07/25 19:17:52 Triggering reallocation due to QoS violation
2024/07/25 19:17:53 Triggering reallocation due to QoS violation
2024/07/25 19:17:54 Triggering reallocation due to QoS violation
2024/07/25 19:17:55 Triggering reallocation due to QoS violation
2024/07/25 19:17:56 Triggering reallocation due to QoS violation
2024/07/25 19:17:57 Triggering reallocation due to QoS violation
2024/07/25 19:17:58 Triggering reallocation due to QoS violation
2024/07/25 19:17:59 Triggering reallocation due to QoS violation
2024/07/25 19:18:00 Triggering reallocation due to QoS violation
2024/07/25 19:18:01 Triggering reallocation due to QoS violation
2024/07/25 19:18:02 Triggering reallocation due to QoS violation
2024/07/25 19:18:03 Triggering reallocation due to QoS violation
2024/07/25 19:18:04 Triggering reallocation due to QoS violation
2024/07/25 19:18:05 Triggering reallocation due to QoS violation
2024/07/25 19:18:06 Triggering reallocation due to QoS violation
2024/07/25 19:18:07 Triggering reallocation due to QoS violation
2024/07/25 19:18:08 Triggering reallocation due to QoS violation
2024/07/25 19:18:09 Triggering reallocation due to QoS violation
2024/07/25 19:18:10 Triggering reallocation due to QoS violation
2024/07/25 19:18:11 Triggering reallocation due to QoS violation
2024/07/25 19:18:12 Triggering reallocation due to QoS violation
2024/07/25 19:18:13 Triggering reallocation due to QoS violation
2024/07/25 19:18:14 Triggering reallocation due to QoS violation
2024/07/25 19:18:15 Triggering reallocation due to QoS violation
2024/07/25 19:18:16 Triggering reallocation due to QoS violation
2024/07/25 19:18:17 Triggering reallocation due to QoS violation
2024/07/25 19:18:18 Triggering reallocation due to QoS violation
2024/07/25 19:18:19 Triggering reallocation due to QoS violation
2024/07/25 19:18:20 Triggering reallocation due to QoS violation
2024/07/25 19:18:21 Triggering reallocation due to QoS violation
2024/07/25 19:18:22 Triggering reallocation due to QoS violation
2024/07/25 19:18:23 Triggering reallocation due to QoS violation
2024/07/25 19:18:24 Triggering reallocation due to QoS violation
2024/07/25 19:18:25 Triggering reallocation due to QoS violation
2024/07/25 19:18:26 Triggering reallocation due to QoS violation
2024/07/25 19:18:27 Triggering reallocation due to QoS violation
2024/07/25 19:18:28 Triggering reallocation due to QoS violation
2024/07/25 19:18:29 Triggering reallocation due to QoS violation
2024/07/25 19:18:30 Triggering reallocation due to QoS violation
2024/07/25 19:18:31 Triggering reallocation due to QoS violation
2024/07/25 19:18:32 Triggering reallocation due to QoS violation
2024/07/25 19:18:33 Triggering reallocation due to QoS violation
2024/07/25 19:18:34 Triggering reallocation due to QoS violation
2024/07/25 19:18:35 Triggering reallocation due to QoS violation
2024/07/25 19:18:36 Triggering reallocation due to QoS violation
2024/07/25 19:18:37 Triggering reallocation due to QoS violation
2024/07/25 19:18:38 Triggering reallocation due to QoS violation
2024/07/25 19:18:39 Triggering reallocation due to QoS violation
2024/07/25 19:18:40 Triggering reallocation due to QoS violation
2024/07/25 19:18:41 Triggering reallocation due to QoS violation
2024/07/25 19:18:42 Triggering reallocation due to QoS violation
2024/07/25 19:18:43 Triggering reallocation due to QoS violation
2024/07/25 19:18:44 Triggering reallocation due to QoS violation
2024/07/25 19:18:45 Triggering reallocation due to QoS violation
2024/07/25 19:18:46 Triggering reallocation due to QoS violation
2024/07/25 19:18:47 Triggering reallocation due to QoS violation
2024/07/25 19:18:48 Triggering reallocation due to QoS violation
2024/07/25 19:18:49 Triggering reallocation due to QoS violation
2024/07/25 19:18:50 Triggering reallocation due to QoS violation
2024/07/25 19:36:30 Workload changed. Triggering reallocation...
2024/07/25 19:36:30 Triggering reallocation due to QoS violation
2024/07/25 19:37:00 Workload changed. Triggering reallocation...
2024/07/25 19:37:00 Triggering reallocation due to QoS violation
2024/07/25 19:37:30 Workload changed. Triggering reallocation...
2024/07/25 19:37:30 Triggering reallocation due to QoS violation
2024/07/25 19:38:00 Workload changed. Triggering reallocation...
2024/07/25 19:38:00 Triggering reallocation due to QoS violation
2024/07/25 19:38:30 Workload changed. Triggering reallocation...
2024/07/25 19:38:30 Triggering reallocation due to QoS violation
2024/07/25 19:39:00 Workload changed. Triggering reallocation...
2024/07/25 19:39:00 Triggering reallocation due to QoS violation
2024/07/25 19:39:30 Workload changed. Triggering reallocation...
2024/07/25 19:39:30 Triggering reallocation due to QoS violation
2024/07/25 19:40:00 Workload changed. Triggering reallocation...
2024/07/25 19:40:00 Triggering reallocation due to QoS violation
2024/07/25 19:40:30 Workload changed. Triggering reallocation...
2024/07/25 19:40:30 Triggering reallocation due to QoS violation
2024/07/25 19:41:00 Final metrics: {CPUUsage:15.77421875 MemoryUsage:28.290176391601562 GPUUsage:150 IOUsage:50}
2024/07/25 19:41:00 QoS requirements met.
2024/07/25 19:42:55 Triggering reallocation due to QoS violation
2024/07/25 19:42:55 Migrated container container-3 from host host-1 to host host-3
2024/07/25 19:42:55 Migrated container container-8 from host host-1 to host host-5
2024/07/25 19:42:55 Migrated container container-7 from host host-1 to host host-4
2024/07/25 19:42:56 Triggering reallocation due to QoS violation
2024/07/25 19:48:24 Workload changed. Triggering reallocation...
2024/07/25 19:48:24 Triggering reallocation due to QoS violation
2024/07/25 19:48:54 Workload changed. Triggering reallocation...
2024/07/25 19:48:54 Triggering reallocation due to QoS violation
2024/07/25 19:49:25 Workload changed. Triggering reallocation...
2024/07/25 19:49:25 Triggering reallocation due to QoS violation
2024/07/25 19:49:55 Workload changed. Triggering reallocation...
2024/07/25 19:49:55 Triggering reallocation due to QoS violation
2024/07/25 19:50:25 Workload changed. Triggering reallocation...
2024/07/25 19:50:25 Triggering reallocation due to QoS violation
2024/07/25 19:50:54 Workload changed. Triggering reallocation...
2024/07/25 19:50:54 Triggering reallocation due to QoS violation
2024/07/25 19:51:24 Workload changed. Triggering reallocation...
2024/07/25 19:51:24 Triggering reallocation due to QoS violation
2024/07/25 19:51:54 Workload changed. Triggering reallocation...
2024/07/25 19:51:54 Triggering reallocation due to QoS violation
2024/07/25 19:52:25 Workload changed. Triggering reallocation...
2024/07/25 19:52:25 Triggering reallocation due to QoS violation
2024/07/25 19:52:54 Final metrics: {CPUUsage:20.593645833333333 MemoryUsage:19.162216186523438 GPUUsage:92.79023485475099 IOUsage:50}
2024/07/25 19:52:54 QoS requirements met.
